[0.129s] DEBUG:colcon:Command line arguments: ['/usr/bin/colcon', 'build']
[0.129s] DEBUG:colcon:Parsed command line arguments: Namespace(log_base=None, log_level=None, verb_name='build', build_base='build', install_base='install', merge_install=False, symlink_install=False, test_result_base=None, continue_on_error=False, executor='parallel', parallel_workers=16, event_handlers=None, ignore_user_meta=False, metas=['./colcon.meta'], base_paths=['.'], packages_ignore=None, packages_ignore_regex=None, paths=None, packages_up_to=None, packages_up_to_regex=None, packages_above=None, packages_above_and_dependencies=None, packages_above_depth=None, packages_select_by_dep=None, packages_skip_by_dep=None, packages_skip_up_to=None, packages_select_build_failed=False, packages_skip_build_finished=False, packages_select_test_failures=False, packages_skip_test_passed=False, packages_select=None, packages_skip=None, packages_select_regex=None, packages_skip_regex=None, packages_start=None, packages_end=None, allow_overriding=[], cmake_args=None, cmake_target=None, cmake_target_skip_unavailable=False, cmake_clean_cache=False, cmake_clean_first=False, cmake_force_configure=False, ament_cmake_args=None, catkin_cmake_args=None, catkin_skip_building_tests=False, verb_parser=<colcon_defaults.argument_parser.defaults.DefaultArgumentsDecorator object at 0x7ceb85d5af50>, verb_extension=<colcon_core.verb.build.BuildVerb object at 0x7ceb85d5aa10>, main=<bound method BuildVerb.main of <colcon_core.verb.build.BuildVerb object at 0x7ceb85d5aa10>>)
[0.252s] Level 1:colcon.colcon_core.package_discovery:discover_packages(colcon_meta) check parameters
[0.253s] Level 1:colcon.colcon_core.package_discovery:discover_packages(recursive) check parameters
[0.253s] Level 1:colcon.colcon_core.package_discovery:discover_packages(ignore) check parameters
[0.253s] Level 1:colcon.colcon_core.package_discovery:discover_packages(path) check parameters
[0.253s] Level 1:colcon.colcon_core.package_discovery:discover_packages(colcon_meta) discover
[0.253s] Level 1:colcon.colcon_core.package_discovery:discover_packages(recursive) discover
[0.253s] INFO:colcon.colcon_core.package_discovery:Crawling recursively for packages in '/home/ajay/bumperbot_ws'
[0.253s] Level 1:colcon.colcon_core.package_identification:_identify(.) by extensions ['ignore', 'ignore_ament_install']
[0.253s] Level 1:colcon.colcon_core.package_identification:_identify(.) by extension 'ignore'
[0.253s] Level 1:colcon.colcon_core.package_identification:_identify(.) by extension 'ignore_ament_install'
[0.253s] Level 1:colcon.colcon_core.package_identification:_identify(.) by extensions ['colcon_pkg']
[0.253s] Level 1:colcon.colcon_core.package_identification:_identify(.) by extension 'colcon_pkg'
[0.253s] Level 1:colcon.colcon_core.package_identification:_identify(.) by extensions ['colcon_meta']
[0.253s] Level 1:colcon.colcon_core.package_identification:_identify(.) by extension 'colcon_meta'
[0.253s] Level 1:colcon.colcon_core.package_identification:_identify(.) by extensions ['ros']
[0.253s] Level 1:colcon.colcon_core.package_identification:_identify(.) by extension 'ros'
[0.260s] Level 1:colcon.colcon_core.package_identification:_identify(.) by extensions ['cmake', 'python']
[0.260s] Level 1:colcon.colcon_core.package_identification:_identify(.) by extension 'cmake'
[0.260s] Level 1:colcon.colcon_core.package_identification:_identify(.) by extension 'python'
[0.260s] Level 1:colcon.colcon_core.package_identification:_identify(.) by extensions ['python_setup_py']
[0.260s] Level 1:colcon.colcon_core.package_identification:_identify(.) by extension 'python_setup_py'
[0.260s] Level 1:colcon.colcon_core.package_identification:_identify(build) by extensions ['ignore', 'ignore_ament_install']
[0.260s] Level 1:colcon.colcon_core.package_identification:_identify(build) by extension 'ignore'
[0.260s] Level 1:colcon.colcon_core.package_identification:_identify(build) ignored
[0.260s] Level 1:colcon.colcon_core.package_identification:_identify(install) by extensions ['ignore', 'ignore_ament_install']
[0.260s] Level 1:colcon.colcon_core.package_identification:_identify(install) by extension 'ignore'
[0.260s] Level 1:colcon.colcon_core.package_identification:_identify(install) ignored
[0.260s] Level 1:colcon.colcon_core.package_identification:_identify(log) by extensions ['ignore', 'ignore_ament_install']
[0.260s] Level 1:colcon.colcon_core.package_identification:_identify(log) by extension 'ignore'
[0.260s] Level 1:colcon.colcon_core.package_identification:_identify(log) ignored
[0.260s] Level 1:colcon.colcon_core.package_identification:_identify(src) by extensions ['ignore', 'ignore_ament_install']
[0.260s] Level 1:colcon.colcon_core.package_identification:_identify(src) by extension 'ignore'
[0.260s] Level 1:colcon.colcon_core.package_identification:_identify(src) by extension 'ignore_ament_install'
[0.260s] Level 1:colcon.colcon_core.package_identification:_identify(src) by extensions ['colcon_pkg']
[0.260s] Level 1:colcon.colcon_core.package_identification:_identify(src) by extension 'colcon_pkg'
[0.260s] Level 1:colcon.colcon_core.package_identification:_identify(src) by extensions ['colcon_meta']
[0.260s] Level 1:colcon.colcon_core.package_identification:_identify(src) by extension 'colcon_meta'
[0.260s] Level 1:colcon.colcon_core.package_identification:_identify(src) by extensions ['ros']
[0.260s] Level 1:colcon.colcon_core.package_identification:_identify(src) by extension 'ros'
[0.260s] Level 1:colcon.colcon_core.package_identification:_identify(src) by extensions ['cmake', 'python']
[0.260s] Level 1:colcon.colcon_core.package_identification:_identify(src) by extension 'cmake'
[0.260s] Level 1:colcon.colcon_core.package_identification:_identify(src) by extension 'python'
[0.260s] Level 1:colcon.colcon_core.package_identification:_identify(src) by extensions ['python_setup_py']
[0.260s] Level 1:colcon.colcon_core.package_identification:_identify(src) by extension 'python_setup_py'
[0.261s] Level 1:colcon.colcon_core.package_identification:_identify(src/bumperbot_controller) by extensions ['ignore', 'ignore_ament_install']
[0.261s] Level 1:colcon.colcon_core.package_identification:_identify(src/bumperbot_controller) by extension 'ignore'
[0.261s] Level 1:colcon.colcon_core.package_identification:_identify(src/bumperbot_controller) by extension 'ignore_ament_install'
[0.261s] Level 1:colcon.colcon_core.package_identification:_identify(src/bumperbot_controller) by extensions ['colcon_pkg']
[0.261s] Level 1:colcon.colcon_core.package_identification:_identify(src/bumperbot_controller) by extension 'colcon_pkg'
[0.261s] Level 1:colcon.colcon_core.package_identification:_identify(src/bumperbot_controller) by extensions ['colcon_meta']
[0.261s] Level 1:colcon.colcon_core.package_identification:_identify(src/bumperbot_controller) by extension 'colcon_meta'
[0.261s] Level 1:colcon.colcon_core.package_identification:_identify(src/bumperbot_controller) by extensions ['ros']
[0.261s] Level 1:colcon.colcon_core.package_identification:_identify(src/bumperbot_controller) by extension 'ros'
[0.263s] DEBUG:colcon.colcon_core.package_identification:Package 'src/bumperbot_controller' with type 'ros.ament_cmake' and name 'bumperbot_controller'
[0.263s] Level 1:colcon.colcon_core.package_identification:_identify(src/bumperbot_cpp_examples) by extensions ['ignore', 'ignore_ament_install']
[0.263s] Level 1:colcon.colcon_core.package_identification:_identify(src/bumperbot_cpp_examples) by extension 'ignore'
[0.263s] Level 1:colcon.colcon_core.package_identification:_identify(src/bumperbot_cpp_examples) by extension 'ignore_ament_install'
[0.263s] Level 1:colcon.colcon_core.package_identification:_identify(src/bumperbot_cpp_examples) by extensions ['colcon_pkg']
[0.263s] Level 1:colcon.colcon_core.package_identification:_identify(src/bumperbot_cpp_examples) by extension 'colcon_pkg'
[0.263s] Level 1:colcon.colcon_core.package_identification:_identify(src/bumperbot_cpp_examples) by extensions ['colcon_meta']
[0.263s] Level 1:colcon.colcon_core.package_identification:_identify(src/bumperbot_cpp_examples) by extension 'colcon_meta'
[0.263s] Level 1:colcon.colcon_core.package_identification:_identify(src/bumperbot_cpp_examples) by extensions ['ros']
[0.263s] Level 1:colcon.colcon_core.package_identification:_identify(src/bumperbot_cpp_examples) by extension 'ros'
[0.263s] DEBUG:colcon.colcon_core.package_identification:Package 'src/bumperbot_cpp_examples' with type 'ros.ament_cmake' and name 'bumperbot_cpp_examples'
[0.263s] Level 1:colcon.colcon_core.package_identification:_identify(src/bumperbot_description) by extensions ['ignore', 'ignore_ament_install']
[0.264s] Level 1:colcon.colcon_core.package_identification:_identify(src/bumperbot_description) by extension 'ignore'
[0.264s] Level 1:colcon.colcon_core.package_identification:_identify(src/bumperbot_description) by extension 'ignore_ament_install'
[0.264s] Level 1:colcon.colcon_core.package_identification:_identify(src/bumperbot_description) by extensions ['colcon_pkg']
[0.264s] Level 1:colcon.colcon_core.package_identification:_identify(src/bumperbot_description) by extension 'colcon_pkg'
[0.264s] Level 1:colcon.colcon_core.package_identification:_identify(src/bumperbot_description) by extensions ['colcon_meta']
[0.264s] Level 1:colcon.colcon_core.package_identification:_identify(src/bumperbot_description) by extension 'colcon_meta'
[0.264s] Level 1:colcon.colcon_core.package_identification:_identify(src/bumperbot_description) by extensions ['ros']
[0.264s] Level 1:colcon.colcon_core.package_identification:_identify(src/bumperbot_description) by extension 'ros'
[0.265s] DEBUG:colcon.colcon_core.package_identification:Package 'src/bumperbot_description' with type 'ros.ament_cmake' and name 'bumperbot_description'
[0.265s] Level 1:colcon.colcon_core.package_identification:_identify(src/bumperbot_py_examples) by extensions ['ignore', 'ignore_ament_install']
[0.265s] Level 1:colcon.colcon_core.package_identification:_identify(src/bumperbot_py_examples) by extension 'ignore'
[0.265s] Level 1:colcon.colcon_core.package_identification:_identify(src/bumperbot_py_examples) by extension 'ignore_ament_install'
[0.265s] Level 1:colcon.colcon_core.package_identification:_identify(src/bumperbot_py_examples) by extensions ['colcon_pkg']
[0.265s] Level 1:colcon.colcon_core.package_identification:_identify(src/bumperbot_py_examples) by extension 'colcon_pkg'
[0.265s] Level 1:colcon.colcon_core.package_identification:_identify(src/bumperbot_py_examples) by extensions ['colcon_meta']
[0.265s] Level 1:colcon.colcon_core.package_identification:_identify(src/bumperbot_py_examples) by extension 'colcon_meta'
[0.265s] Level 1:colcon.colcon_core.package_identification:_identify(src/bumperbot_py_examples) by extensions ['ros']
[0.265s] Level 1:colcon.colcon_core.package_identification:_identify(src/bumperbot_py_examples) by extension 'ros'
[0.266s] DEBUG:colcon.colcon_core.package_identification:Package 'src/bumperbot_py_examples' with type 'ros.ament_python' and name 'bumperbot_py_examples'
[0.266s] Level 1:colcon.colcon_core.package_discovery:discover_packages(recursive) using defaults
[0.266s] Level 1:colcon.colcon_core.package_discovery:discover_packages(ignore) discover
[0.266s] Level 1:colcon.colcon_core.package_discovery:discover_packages(ignore) using defaults
[0.266s] Level 1:colcon.colcon_core.package_discovery:discover_packages(path) discover
[0.266s] Level 1:colcon.colcon_core.package_discovery:discover_packages(path) using defaults
[0.287s] Level 1:colcon.colcon_core.package_discovery:discover_packages(prefix_path) check parameters
[0.287s] Level 1:colcon.colcon_core.package_discovery:discover_packages(prefix_path) discover
[0.289s] DEBUG:colcon.colcon_installed_package_information.package_discovery:Found 1 installed packages in /home/ajay/ros2_ws/install
[0.290s] DEBUG:colcon.colcon_installed_package_information.package_discovery:Found 267 installed packages in /opt/ros/humble
[0.290s] Level 1:colcon.colcon_core.package_discovery:discover_packages(prefix_path) using defaults
[0.306s] Level 5:colcon.colcon_core.verb:set package 'bumperbot_controller' build argument 'cmake_args' from command line to 'None'
[0.306s] Level 5:colcon.colcon_core.verb:set package 'bumperbot_controller' build argument 'cmake_target' from command line to 'None'
[0.306s] Level 5:colcon.colcon_core.verb:set package 'bumperbot_controller' build argument 'cmake_target_skip_unavailable' from command line to 'False'
[0.306s] Level 5:colcon.colcon_core.verb:set package 'bumperbot_controller' build argument 'cmake_clean_cache' from command line to 'False'
[0.306s] Level 5:colcon.colcon_core.verb:set package 'bumperbot_controller' build argument 'cmake_clean_first' from command line to 'False'
[0.306s] Level 5:colcon.colcon_core.verb:set package 'bumperbot_controller' build argument 'cmake_force_configure' from command line to 'False'
[0.306s] Level 5:colcon.colcon_core.verb:set package 'bumperbot_controller' build argument 'ament_cmake_args' from command line to 'None'
[0.306s] Level 5:colcon.colcon_core.verb:set package 'bumperbot_controller' build argument 'catkin_cmake_args' from command line to 'None'
[0.306s] Level 5:colcon.colcon_core.verb:set package 'bumperbot_controller' build argument 'catkin_skip_building_tests' from command line to 'False'
[0.306s] DEBUG:colcon.colcon_core.verb:Building package 'bumperbot_controller' with the following arguments: {'ament_cmake_args': None, 'build_base': '/home/ajay/bumperbot_ws/build/bumperbot_controller', 'catkin_cmake_args': None, 'catkin_skip_building_tests': False, 'cmake_args': None, 'cmake_clean_cache': False, 'cmake_clean_first': False, 'cmake_force_configure': False, 'cmake_target': None, 'cmake_target_skip_unavailable': False, 'install_base': '/home/ajay/bumperbot_ws/install/bumperbot_controller', 'merge_install': False, 'path': '/home/ajay/bumperbot_ws/src/bumperbot_controller', 'symlink_install': False, 'test_result_base': None}
[0.306s] Level 5:colcon.colcon_core.verb:set package 'bumperbot_cpp_examples' build argument 'cmake_args' from command line to 'None'
[0.306s] Level 5:colcon.colcon_core.verb:set package 'bumperbot_cpp_examples' build argument 'cmake_target' from command line to 'None'
[0.306s] Level 5:colcon.colcon_core.verb:set package 'bumperbot_cpp_examples' build argument 'cmake_target_skip_unavailable' from command line to 'False'
[0.306s] Level 5:colcon.colcon_core.verb:set package 'bumperbot_cpp_examples' build argument 'cmake_clean_cache' from command line to 'False'
[0.306s] Level 5:colcon.colcon_core.verb:set package 'bumperbot_cpp_examples' build argument 'cmake_clean_first' from command line to 'False'
[0.306s] Level 5:colcon.colcon_core.verb:set package 'bumperbot_cpp_examples' build argument 'cmake_force_configure' from command line to 'False'
[0.306s] Level 5:colcon.colcon_core.verb:set package 'bumperbot_cpp_examples' build argument 'ament_cmake_args' from command line to 'None'
[0.306s] Level 5:colcon.colcon_core.verb:set package 'bumperbot_cpp_examples' build argument 'catkin_cmake_args' from command line to 'None'
[0.306s] Level 5:colcon.colcon_core.verb:set package 'bumperbot_cpp_examples' build argument 'catkin_skip_building_tests' from command line to 'False'
[0.306s] DEBUG:colcon.colcon_core.verb:Building package 'bumperbot_cpp_examples' with the following arguments: {'ament_cmake_args': None, 'build_base': '/home/ajay/bumperbot_ws/build/bumperbot_cpp_examples', 'catkin_cmake_args': None, 'catkin_skip_building_tests': False, 'cmake_args': None, 'cmake_clean_cache': False, 'cmake_clean_first': False, 'cmake_force_configure': False, 'cmake_target': None, 'cmake_target_skip_unavailable': False, 'install_base': '/home/ajay/bumperbot_ws/install/bumperbot_cpp_examples', 'merge_install': False, 'path': '/home/ajay/bumperbot_ws/src/bumperbot_cpp_examples', 'symlink_install': False, 'test_result_base': None}
[0.306s] Level 5:colcon.colcon_core.verb:set package 'bumperbot_description' build argument 'cmake_args' from command line to 'None'
[0.306s] Level 5:colcon.colcon_core.verb:set package 'bumperbot_description' build argument 'cmake_target' from command line to 'None'
[0.306s] Level 5:colcon.colcon_core.verb:set package 'bumperbot_description' build argument 'cmake_target_skip_unavailable' from command line to 'False'
[0.306s] Level 5:colcon.colcon_core.verb:set package 'bumperbot_description' build argument 'cmake_clean_cache' from command line to 'False'
[0.306s] Level 5:colcon.colcon_core.verb:set package 'bumperbot_description' build argument 'cmake_clean_first' from command line to 'False'
[0.306s] Level 5:colcon.colcon_core.verb:set package 'bumperbot_description' build argument 'cmake_force_configure' from command line to 'False'
[0.306s] Level 5:colcon.colcon_core.verb:set package 'bumperbot_description' build argument 'ament_cmake_args' from command line to 'None'
[0.306s] Level 5:colcon.colcon_core.verb:set package 'bumperbot_description' build argument 'catkin_cmake_args' from command line to 'None'
[0.306s] Level 5:colcon.colcon_core.verb:set package 'bumperbot_description' build argument 'catkin_skip_building_tests' from command line to 'False'
[0.306s] DEBUG:colcon.colcon_core.verb:Building package 'bumperbot_description' with the following arguments: {'ament_cmake_args': None, 'build_base': '/home/ajay/bumperbot_ws/build/bumperbot_description', 'catkin_cmake_args': None, 'catkin_skip_building_tests': False, 'cmake_args': None, 'cmake_clean_cache': False, 'cmake_clean_first': False, 'cmake_force_configure': False, 'cmake_target': None, 'cmake_target_skip_unavailable': False, 'install_base': '/home/ajay/bumperbot_ws/install/bumperbot_description', 'merge_install': False, 'path': '/home/ajay/bumperbot_ws/src/bumperbot_description', 'symlink_install': False, 'test_result_base': None}
[0.306s] Level 5:colcon.colcon_core.verb:set package 'bumperbot_py_examples' build argument 'cmake_args' from command line to 'None'
[0.306s] Level 5:colcon.colcon_core.verb:set package 'bumperbot_py_examples' build argument 'cmake_target' from command line to 'None'
[0.307s] Level 5:colcon.colcon_core.verb:set package 'bumperbot_py_examples' build argument 'cmake_target_skip_unavailable' from command line to 'False'
[0.307s] Level 5:colcon.colcon_core.verb:set package 'bumperbot_py_examples' build argument 'cmake_clean_cache' from command line to 'False'
[0.307s] Level 5:colcon.colcon_core.verb:set package 'bumperbot_py_examples' build argument 'cmake_clean_first' from command line to 'False'
[0.307s] Level 5:colcon.colcon_core.verb:set package 'bumperbot_py_examples' build argument 'cmake_force_configure' from command line to 'False'
[0.307s] Level 5:colcon.colcon_core.verb:set package 'bumperbot_py_examples' build argument 'ament_cmake_args' from command line to 'None'
[0.307s] Level 5:colcon.colcon_core.verb:set package 'bumperbot_py_examples' build argument 'catkin_cmake_args' from command line to 'None'
[0.307s] Level 5:colcon.colcon_core.verb:set package 'bumperbot_py_examples' build argument 'catkin_skip_building_tests' from command line to 'False'
[0.307s] DEBUG:colcon.colcon_core.verb:Building package 'bumperbot_py_examples' with the following arguments: {'ament_cmake_args': None, 'build_base': '/home/ajay/bumperbot_ws/build/bumperbot_py_examples', 'catkin_cmake_args': None, 'catkin_skip_building_tests': False, 'cmake_args': None, 'cmake_clean_cache': False, 'cmake_clean_first': False, 'cmake_force_configure': False, 'cmake_target': None, 'cmake_target_skip_unavailable': False, 'install_base': '/home/ajay/bumperbot_ws/install/bumperbot_py_examples', 'merge_install': False, 'path': '/home/ajay/bumperbot_ws/src/bumperbot_py_examples', 'symlink_install': False, 'test_result_base': None}
[0.307s] INFO:colcon.colcon_core.executor:Executing jobs using 'parallel' executor
[0.307s] DEBUG:colcon.colcon_parallel_executor.executor.parallel:run_until_complete
[0.307s] INFO:colcon.colcon_ros.task.ament_cmake.build:Building ROS package in '/home/ajay/bumperbot_ws/src/bumperbot_controller' with build type 'ament_cmake'
[0.307s] INFO:colcon.colcon_cmake.task.cmake.build:Building CMake package in '/home/ajay/bumperbot_ws/src/bumperbot_controller'
[0.310s] INFO:colcon.colcon_core.plugin_system:Skipping extension 'colcon_core.shell.bat': Not used on non-Windows systems
[0.310s] INFO:colcon.colcon_core.shell:Skip shell extension 'powershell' for command environment: Not usable outside of PowerShell
[0.310s] DEBUG:colcon.colcon_core.shell:Skip shell extension 'dsv' for command environment
[0.312s] INFO:colcon.colcon_ros.task.ament_cmake.build:Building ROS package in '/home/ajay/bumperbot_ws/src/bumperbot_cpp_examples' with build type 'ament_cmake'
[0.312s] INFO:colcon.colcon_cmake.task.cmake.build:Building CMake package in '/home/ajay/bumperbot_ws/src/bumperbot_cpp_examples'
[0.312s] INFO:colcon.colcon_core.shell:Skip shell extension 'powershell' for command environment: Not usable outside of PowerShell
[0.312s] DEBUG:colcon.colcon_core.shell:Skip shell extension 'dsv' for command environment
[0.314s] INFO:colcon.colcon_ros.task.ament_cmake.build:Building ROS package in '/home/ajay/bumperbot_ws/src/bumperbot_description' with build type 'ament_cmake'
[0.314s] INFO:colcon.colcon_cmake.task.cmake.build:Building CMake package in '/home/ajay/bumperbot_ws/src/bumperbot_description'
[0.314s] INFO:colcon.colcon_core.shell:Skip shell extension 'powershell' for command environment: Not usable outside of PowerShell
[0.314s] DEBUG:colcon.colcon_core.shell:Skip shell extension 'dsv' for command environment
[0.315s] INFO:colcon.colcon_ros.task.ament_python.build:Building ROS package in '/home/ajay/bumperbot_ws/src/bumperbot_py_examples' with build type 'ament_python'
[0.315s] Level 1:colcon.colcon_core.shell:create_environment_hook('bumperbot_py_examples', 'ament_prefix_path')
[0.315s] INFO:colcon.colcon_core.shell:Creating environment hook '/home/ajay/bumperbot_ws/install/bumperbot_py_examples/share/bumperbot_py_examples/hook/ament_prefix_path.ps1'
[0.316s] INFO:colcon.colcon_core.shell:Creating environment descriptor '/home/ajay/bumperbot_ws/install/bumperbot_py_examples/share/bumperbot_py_examples/hook/ament_prefix_path.dsv'
[0.317s] INFO:colcon.colcon_core.shell:Creating environment hook '/home/ajay/bumperbot_ws/install/bumperbot_py_examples/share/bumperbot_py_examples/hook/ament_prefix_path.sh'
[0.317s] INFO:colcon.colcon_core.shell:Skip shell extension 'powershell' for command environment: Not usable outside of PowerShell
[0.317s] DEBUG:colcon.colcon_core.shell:Skip shell extension 'dsv' for command environment
[0.322s] DEBUG:colcon.colcon_core.event_handler.log_command:Invoking command in '/home/ajay/bumperbot_ws/build/bumperbot_controller': CMAKE_PREFIX_PATH=/home/ajay/ros2_ws/install/my_robot_controller:/opt/ros/humble /usr/bin/cmake --build /home/ajay/bumperbot_ws/build/bumperbot_controller -- -j16 -l16
[0.324s] DEBUG:colcon.colcon_core.event_handler.log_command:Invoking command in '/home/ajay/bumperbot_ws/build/bumperbot_cpp_examples': CMAKE_PREFIX_PATH=/home/ajay/ros2_ws/install/my_robot_controller:/opt/ros/humble /usr/bin/cmake --build /home/ajay/bumperbot_ws/build/bumperbot_cpp_examples -- -j16 -l16
[0.326s] DEBUG:colcon.colcon_core.event_handler.log_command:Invoking command in '/home/ajay/bumperbot_ws/build/bumperbot_description': CMAKE_PREFIX_PATH=/home/ajay/ros2_ws/install/my_robot_controller:/opt/ros/humble /usr/bin/cmake --build /home/ajay/bumperbot_ws/build/bumperbot_description -- -j16 -l16
[0.471s] INFO:colcon.colcon_core.task.python.build:Building Python package in '/home/ajay/bumperbot_ws/src/bumperbot_py_examples'
[0.471s] INFO:colcon.colcon_core.shell:Skip shell extension 'powershell' for command environment: Not usable outside of PowerShell
[0.471s] DEBUG:colcon.colcon_core.shell:Skip shell extension 'dsv' for command environment
[0.474s] DEBUG:colcon.colcon_core.event_handler.log_command:Invoked command in '/home/ajay/bumperbot_ws/build/bumperbot_description' returned '0': CMAKE_PREFIX_PATH=/home/ajay/ros2_ws/install/my_robot_controller:/opt/ros/humble /usr/bin/cmake --build /home/ajay/bumperbot_ws/build/bumperbot_description -- -j16 -l16
[0.482s] DEBUG:colcon.colcon_core.event_handler.log_command:Invoking command in '/home/ajay/bumperbot_ws/build/bumperbot_description': CMAKE_PREFIX_PATH=/home/ajay/ros2_ws/install/my_robot_controller:/opt/ros/humble /usr/bin/cmake --install /home/ajay/bumperbot_ws/build/bumperbot_description
[0.483s] DEBUG:colcon.colcon_core.event_handler.log_command:Invoked command in '/home/ajay/bumperbot_ws/build/bumperbot_cpp_examples' returned '0': CMAKE_PREFIX_PATH=/home/ajay/ros2_ws/install/my_robot_controller:/opt/ros/humble /usr/bin/cmake --build /home/ajay/bumperbot_ws/build/bumperbot_cpp_examples -- -j16 -l16
[0.484s] DEBUG:colcon.colcon_core.event_handler.log_command:Invoking command in '/home/ajay/bumperbot_ws/build/bumperbot_cpp_examples': CMAKE_PREFIX_PATH=/home/ajay/ros2_ws/install/my_robot_controller:/opt/ros/humble /usr/bin/cmake --install /home/ajay/bumperbot_ws/build/bumperbot_cpp_examples
[0.491s] Level 1:colcon.colcon_core.environment:create_environment_scripts_only(bumperbot_description)
[0.492s] DEBUG:colcon.colcon_core.event_handler.log_command:Invoked command in '/home/ajay/bumperbot_ws/build/bumperbot_description' returned '0': CMAKE_PREFIX_PATH=/home/ajay/ros2_ws/install/my_robot_controller:/opt/ros/humble /usr/bin/cmake --install /home/ajay/bumperbot_ws/build/bumperbot_description
[0.495s] Level 1:colcon.colcon_core.environment:checking '/home/ajay/bumperbot_ws/install/bumperbot_description' for CMake module files
[0.496s] Level 1:colcon.colcon_core.environment:checking '/home/ajay/bumperbot_ws/install/bumperbot_description' for CMake config files
[0.496s] Level 1:colcon.colcon_core.shell:create_environment_hook('bumperbot_description', 'cmake_prefix_path')
[0.497s] INFO:colcon.colcon_core.shell:Creating environment hook '/home/ajay/bumperbot_ws/install/bumperbot_description/share/bumperbot_description/hook/cmake_prefix_path.ps1'
[0.497s] INFO:colcon.colcon_core.shell:Creating environment descriptor '/home/ajay/bumperbot_ws/install/bumperbot_description/share/bumperbot_description/hook/cmake_prefix_path.dsv'
[0.497s] INFO:colcon.colcon_core.shell:Creating environment hook '/home/ajay/bumperbot_ws/install/bumperbot_description/share/bumperbot_description/hook/cmake_prefix_path.sh'
[0.498s] Level 1:colcon.colcon_core.environment:checking '/home/ajay/bumperbot_ws/install/bumperbot_description/bin'
[0.498s] Level 1:colcon.colcon_core.environment:checking '/home/ajay/bumperbot_ws/install/bumperbot_description/lib/pkgconfig/bumperbot_description.pc'
[0.498s] Level 1:colcon.colcon_core.environment:checking '/home/ajay/bumperbot_ws/install/bumperbot_description/lib/python3.10/site-packages'
[0.498s] Level 1:colcon.colcon_core.environment:checking '/home/ajay/bumperbot_ws/install/bumperbot_description/bin'
[0.499s] INFO:colcon.colcon_core.shell:Creating package script '/home/ajay/bumperbot_ws/install/bumperbot_description/share/bumperbot_description/package.ps1'
[0.499s] INFO:colcon.colcon_core.shell:Creating package descriptor '/home/ajay/bumperbot_ws/install/bumperbot_description/share/bumperbot_description/package.dsv'
[0.500s] INFO:colcon.colcon_core.shell:Creating package script '/home/ajay/bumperbot_ws/install/bumperbot_description/share/bumperbot_description/package.sh'
[0.500s] INFO:colcon.colcon_core.shell:Creating package script '/home/ajay/bumperbot_ws/install/bumperbot_description/share/bumperbot_description/package.bash'
[0.501s] INFO:colcon.colcon_core.shell:Creating package script '/home/ajay/bumperbot_ws/install/bumperbot_description/share/bumperbot_description/package.zsh'
[0.501s] Level 1:colcon.colcon_core.environment:create_file_with_runtime_dependencies(/home/ajay/bumperbot_ws/install/bumperbot_description/share/colcon-core/packages/bumperbot_description)
[0.502s] Level 1:colcon.colcon_core.environment:create_environment_scripts_only(bumperbot_description)
[0.502s] Level 1:colcon.colcon_core.environment:checking '/home/ajay/bumperbot_ws/install/bumperbot_description' for CMake module files
[0.502s] Level 1:colcon.colcon_core.environment:checking '/home/ajay/bumperbot_ws/install/bumperbot_description' for CMake config files
[0.502s] Level 1:colcon.colcon_core.shell:create_environment_hook('bumperbot_description', 'cmake_prefix_path')
[0.502s] INFO:colcon.colcon_core.shell:Creating environment hook '/home/ajay/bumperbot_ws/install/bumperbot_description/share/bumperbot_description/hook/cmake_prefix_path.ps1'
[0.503s] INFO:colcon.colcon_core.shell:Creating environment descriptor '/home/ajay/bumperbot_ws/install/bumperbot_description/share/bumperbot_description/hook/cmake_prefix_path.dsv'
[0.503s] INFO:colcon.colcon_core.shell:Creating environment hook '/home/ajay/bumperbot_ws/install/bumperbot_description/share/bumperbot_description/hook/cmake_prefix_path.sh'
[0.503s] Level 1:colcon.colcon_core.environment:checking '/home/ajay/bumperbot_ws/install/bumperbot_description/bin'
[0.503s] Level 1:colcon.colcon_core.environment:checking '/home/ajay/bumperbot_ws/install/bumperbot_description/lib/pkgconfig/bumperbot_description.pc'
[0.503s] Level 1:colcon.colcon_core.environment:checking '/home/ajay/bumperbot_ws/install/bumperbot_description/lib/python3.10/site-packages'
[0.503s] Level 1:colcon.colcon_core.environment:checking '/home/ajay/bumperbot_ws/install/bumperbot_description/bin'
[0.504s] INFO:colcon.colcon_core.shell:Creating package script '/home/ajay/bumperbot_ws/install/bumperbot_description/share/bumperbot_description/package.ps1'
[0.504s] INFO:colcon.colcon_core.shell:Creating package descriptor '/home/ajay/bumperbot_ws/install/bumperbot_description/share/bumperbot_description/package.dsv'
[0.504s] INFO:colcon.colcon_core.shell:Creating package script '/home/ajay/bumperbot_ws/install/bumperbot_description/share/bumperbot_description/package.sh'
[0.504s] INFO:colcon.colcon_core.shell:Creating package script '/home/ajay/bumperbot_ws/install/bumperbot_description/share/bumperbot_description/package.bash'
[0.505s] INFO:colcon.colcon_core.shell:Creating package script '/home/ajay/bumperbot_ws/install/bumperbot_description/share/bumperbot_description/package.zsh'
[0.505s] Level 1:colcon.colcon_core.environment:create_file_with_runtime_dependencies(/home/ajay/bumperbot_ws/install/bumperbot_description/share/colcon-core/packages/bumperbot_description)
[0.505s] Level 1:colcon.colcon_core.environment:create_environment_scripts_only(bumperbot_cpp_examples)
[0.505s] Level 1:colcon.colcon_core.environment:checking '/home/ajay/bumperbot_ws/install/bumperbot_cpp_examples' for CMake module files
[0.506s] Level 1:colcon.colcon_core.environment:checking '/home/ajay/bumperbot_ws/install/bumperbot_cpp_examples' for CMake config files
[0.506s] DEBUG:colcon.colcon_core.event_handler.log_command:Invoked command in '/home/ajay/bumperbot_ws/build/bumperbot_cpp_examples' returned '0': CMAKE_PREFIX_PATH=/home/ajay/ros2_ws/install/my_robot_controller:/opt/ros/humble /usr/bin/cmake --install /home/ajay/bumperbot_ws/build/bumperbot_cpp_examples
[0.506s] Level 1:colcon.colcon_core.shell:create_environment_hook('bumperbot_cpp_examples', 'cmake_prefix_path')
[0.507s] INFO:colcon.colcon_core.shell:Creating environment hook '/home/ajay/bumperbot_ws/install/bumperbot_cpp_examples/share/bumperbot_cpp_examples/hook/cmake_prefix_path.ps1'
[0.507s] INFO:colcon.colcon_core.shell:Creating environment descriptor '/home/ajay/bumperbot_ws/install/bumperbot_cpp_examples/share/bumperbot_cpp_examples/hook/cmake_prefix_path.dsv'
[0.507s] INFO:colcon.colcon_core.shell:Creating environment hook '/home/ajay/bumperbot_ws/install/bumperbot_cpp_examples/share/bumperbot_cpp_examples/hook/cmake_prefix_path.sh'
[0.507s] Level 1:colcon.colcon_core.environment:checking '/home/ajay/bumperbot_ws/install/bumperbot_cpp_examples/bin'
[0.507s] Level 1:colcon.colcon_core.environment:checking '/home/ajay/bumperbot_ws/install/bumperbot_cpp_examples/lib/pkgconfig/bumperbot_cpp_examples.pc'
[0.508s] Level 1:colcon.colcon_core.environment:checking '/home/ajay/bumperbot_ws/install/bumperbot_cpp_examples/lib/python3.10/site-packages'
[0.508s] Level 1:colcon.colcon_core.environment:checking '/home/ajay/bumperbot_ws/install/bumperbot_cpp_examples/bin'
[0.508s] INFO:colcon.colcon_core.shell:Creating package script '/home/ajay/bumperbot_ws/install/bumperbot_cpp_examples/share/bumperbot_cpp_examples/package.ps1'
[0.508s] INFO:colcon.colcon_core.shell:Creating package descriptor '/home/ajay/bumperbot_ws/install/bumperbot_cpp_examples/share/bumperbot_cpp_examples/package.dsv'
[0.509s] INFO:colcon.colcon_core.shell:Creating package script '/home/ajay/bumperbot_ws/install/bumperbot_cpp_examples/share/bumperbot_cpp_examples/package.sh'
[0.509s] INFO:colcon.colcon_core.shell:Creating package script '/home/ajay/bumperbot_ws/install/bumperbot_cpp_examples/share/bumperbot_cpp_examples/package.bash'
[0.509s] INFO:colcon.colcon_core.shell:Creating package script '/home/ajay/bumperbot_ws/install/bumperbot_cpp_examples/share/bumperbot_cpp_examples/package.zsh'
[0.509s] Level 1:colcon.colcon_core.environment:create_file_with_runtime_dependencies(/home/ajay/bumperbot_ws/install/bumperbot_cpp_examples/share/colcon-core/packages/bumperbot_cpp_examples)
[0.510s] Level 1:colcon.colcon_core.environment:create_environment_scripts_only(bumperbot_cpp_examples)
[0.510s] Level 1:colcon.colcon_core.environment:checking '/home/ajay/bumperbot_ws/install/bumperbot_cpp_examples' for CMake module files
[0.510s] Level 1:colcon.colcon_core.environment:checking '/home/ajay/bumperbot_ws/install/bumperbot_cpp_examples' for CMake config files
[0.510s] Level 1:colcon.colcon_core.shell:create_environment_hook('bumperbot_cpp_examples', 'cmake_prefix_path')
[0.510s] INFO:colcon.colcon_core.shell:Creating environment hook '/home/ajay/bumperbot_ws/install/bumperbot_cpp_examples/share/bumperbot_cpp_examples/hook/cmake_prefix_path.ps1'
[0.511s] INFO:colcon.colcon_core.shell:Creating environment descriptor '/home/ajay/bumperbot_ws/install/bumperbot_cpp_examples/share/bumperbot_cpp_examples/hook/cmake_prefix_path.dsv'
[0.511s] INFO:colcon.colcon_core.shell:Creating environment hook '/home/ajay/bumperbot_ws/install/bumperbot_cpp_examples/share/bumperbot_cpp_examples/hook/cmake_prefix_path.sh'
[0.511s] Level 1:colcon.colcon_core.environment:checking '/home/ajay/bumperbot_ws/install/bumperbot_cpp_examples/bin'
[0.511s] Level 1:colcon.colcon_core.environment:checking '/home/ajay/bumperbot_ws/install/bumperbot_cpp_examples/lib/pkgconfig/bumperbot_cpp_examples.pc'
[0.511s] Level 1:colcon.colcon_core.environment:checking '/home/ajay/bumperbot_ws/install/bumperbot_cpp_examples/lib/python3.10/site-packages'
[0.511s] Level 1:colcon.colcon_core.environment:checking '/home/ajay/bumperbot_ws/install/bumperbot_cpp_examples/bin'
[0.512s] INFO:colcon.colcon_core.shell:Creating package script '/home/ajay/bumperbot_ws/install/bumperbot_cpp_examples/share/bumperbot_cpp_examples/package.ps1'
[0.512s] INFO:colcon.colcon_core.shell:Creating package descriptor '/home/ajay/bumperbot_ws/install/bumperbot_cpp_examples/share/bumperbot_cpp_examples/package.dsv'
[0.512s] INFO:colcon.colcon_core.shell:Creating package script '/home/ajay/bumperbot_ws/install/bumperbot_cpp_examples/share/bumperbot_cpp_examples/package.sh'
[0.512s] INFO:colcon.colcon_core.shell:Creating package script '/home/ajay/bumperbot_ws/install/bumperbot_cpp_examples/share/bumperbot_cpp_examples/package.bash'
[0.512s] INFO:colcon.colcon_core.shell:Creating package script '/home/ajay/bumperbot_ws/install/bumperbot_cpp_examples/share/bumperbot_cpp_examples/package.zsh'
[0.513s] Level 1:colcon.colcon_core.environment:create_file_with_runtime_dependencies(/home/ajay/bumperbot_ws/install/bumperbot_cpp_examples/share/colcon-core/packages/bumperbot_cpp_examples)
[0.535s] DEBUG:colcon.colcon_core.event_handler.log_command:Invoked command in '/home/ajay/bumperbot_ws/build/bumperbot_controller' returned '0': CMAKE_PREFIX_PATH=/home/ajay/ros2_ws/install/my_robot_controller:/opt/ros/humble /usr/bin/cmake --build /home/ajay/bumperbot_ws/build/bumperbot_controller -- -j16 -l16
[0.537s] DEBUG:colcon.colcon_core.event_handler.log_command:Invoking command in '/home/ajay/bumperbot_ws/build/bumperbot_controller': CMAKE_PREFIX_PATH=/home/ajay/ros2_ws/install/my_robot_controller:/opt/ros/humble /usr/bin/cmake --install /home/ajay/bumperbot_ws/build/bumperbot_controller
[0.570s] Level 1:colcon.colcon_core.environment:create_environment_scripts_only(bumperbot_controller)
[0.570s] Level 1:colcon.colcon_core.environment:checking '/home/ajay/bumperbot_ws/install/bumperbot_controller' for CMake module files
[0.571s] DEBUG:colcon.colcon_core.event_handler.log_command:Invoked command in '/home/ajay/bumperbot_ws/build/bumperbot_controller' returned '0': CMAKE_PREFIX_PATH=/home/ajay/ros2_ws/install/my_robot_controller:/opt/ros/humble /usr/bin/cmake --install /home/ajay/bumperbot_ws/build/bumperbot_controller
[0.571s] Level 1:colcon.colcon_core.environment:checking '/home/ajay/bumperbot_ws/install/bumperbot_controller' for CMake config files
[0.571s] Level 1:colcon.colcon_core.shell:create_environment_hook('bumperbot_controller', 'cmake_prefix_path')
[0.571s] INFO:colcon.colcon_core.shell:Creating environment hook '/home/ajay/bumperbot_ws/install/bumperbot_controller/share/bumperbot_controller/hook/cmake_prefix_path.ps1'
[0.572s] INFO:colcon.colcon_core.shell:Creating environment descriptor '/home/ajay/bumperbot_ws/install/bumperbot_controller/share/bumperbot_controller/hook/cmake_prefix_path.dsv'
[0.572s] INFO:colcon.colcon_core.shell:Creating environment hook '/home/ajay/bumperbot_ws/install/bumperbot_controller/share/bumperbot_controller/hook/cmake_prefix_path.sh'
[0.572s] Level 1:colcon.colcon_core.environment:checking '/home/ajay/bumperbot_ws/install/bumperbot_controller/lib'
[0.572s] Level 1:colcon.colcon_core.environment:checking '/home/ajay/bumperbot_ws/install/bumperbot_controller/bin'
[0.572s] Level 1:colcon.colcon_core.environment:checking '/home/ajay/bumperbot_ws/install/bumperbot_controller/lib/pkgconfig/bumperbot_controller.pc'
[0.573s] Level 1:colcon.colcon_core.environment:checking '/home/ajay/bumperbot_ws/install/bumperbot_controller/lib/python3.10/site-packages'
[0.573s] Level 1:colcon.colcon_core.environment:checking '/home/ajay/bumperbot_ws/install/bumperbot_controller/bin'
[0.573s] INFO:colcon.colcon_core.shell:Creating package script '/home/ajay/bumperbot_ws/install/bumperbot_controller/share/bumperbot_controller/package.ps1'
[0.573s] INFO:colcon.colcon_core.shell:Creating package descriptor '/home/ajay/bumperbot_ws/install/bumperbot_controller/share/bumperbot_controller/package.dsv'
[0.573s] INFO:colcon.colcon_core.shell:Creating package script '/home/ajay/bumperbot_ws/install/bumperbot_controller/share/bumperbot_controller/package.sh'
[0.573s] INFO:colcon.colcon_core.shell:Creating package script '/home/ajay/bumperbot_ws/install/bumperbot_controller/share/bumperbot_controller/package.bash'
[0.574s] INFO:colcon.colcon_core.shell:Creating package script '/home/ajay/bumperbot_ws/install/bumperbot_controller/share/bumperbot_controller/package.zsh'
[0.574s] Level 1:colcon.colcon_core.environment:create_file_with_runtime_dependencies(/home/ajay/bumperbot_ws/install/bumperbot_controller/share/colcon-core/packages/bumperbot_controller)
[0.574s] Level 1:colcon.colcon_core.environment:create_environment_scripts_only(bumperbot_controller)
[0.574s] Level 1:colcon.colcon_core.environment:checking '/home/ajay/bumperbot_ws/install/bumperbot_controller' for CMake module files
[0.575s] Level 1:colcon.colcon_core.environment:checking '/home/ajay/bumperbot_ws/install/bumperbot_controller' for CMake config files
[0.575s] Level 1:colcon.colcon_core.shell:create_environment_hook('bumperbot_controller', 'cmake_prefix_path')
[0.575s] INFO:colcon.colcon_core.shell:Creating environment hook '/home/ajay/bumperbot_ws/install/bumperbot_controller/share/bumperbot_controller/hook/cmake_prefix_path.ps1'
[0.575s] INFO:colcon.colcon_core.shell:Creating environment descriptor '/home/ajay/bumperbot_ws/install/bumperbot_controller/share/bumperbot_controller/hook/cmake_prefix_path.dsv'
[0.575s] INFO:colcon.colcon_core.shell:Creating environment hook '/home/ajay/bumperbot_ws/install/bumperbot_controller/share/bumperbot_controller/hook/cmake_prefix_path.sh'
[0.575s] Level 1:colcon.colcon_core.environment:checking '/home/ajay/bumperbot_ws/install/bumperbot_controller/lib'
[0.575s] Level 1:colcon.colcon_core.environment:checking '/home/ajay/bumperbot_ws/install/bumperbot_controller/bin'
[0.576s] Level 1:colcon.colcon_core.environment:checking '/home/ajay/bumperbot_ws/install/bumperbot_controller/lib/pkgconfig/bumperbot_controller.pc'
[0.576s] Level 1:colcon.colcon_core.environment:checking '/home/ajay/bumperbot_ws/install/bumperbot_controller/lib/python3.10/site-packages'
[0.576s] Level 1:colcon.colcon_core.environment:checking '/home/ajay/bumperbot_ws/install/bumperbot_controller/bin'
[0.576s] INFO:colcon.colcon_core.shell:Creating package script '/home/ajay/bumperbot_ws/install/bumperbot_controller/share/bumperbot_controller/package.ps1'
[0.576s] INFO:colcon.colcon_core.shell:Creating package descriptor '/home/ajay/bumperbot_ws/install/bumperbot_controller/share/bumperbot_controller/package.dsv'
[0.576s] INFO:colcon.colcon_core.shell:Creating package script '/home/ajay/bumperbot_ws/install/bumperbot_controller/share/bumperbot_controller/package.sh'
[0.577s] INFO:colcon.colcon_core.shell:Creating package script '/home/ajay/bumperbot_ws/install/bumperbot_controller/share/bumperbot_controller/package.bash'
[0.577s] INFO:colcon.colcon_core.shell:Creating package script '/home/ajay/bumperbot_ws/install/bumperbot_controller/share/bumperbot_controller/package.zsh'
[0.577s] Level 1:colcon.colcon_core.environment:create_file_with_runtime_dependencies(/home/ajay/bumperbot_ws/install/bumperbot_controller/share/colcon-core/packages/bumperbot_controller)
[0.738s] DEBUG:colcon.colcon_core.event_handler.log_command:Invoking command in '/home/ajay/bumperbot_ws/src/bumperbot_py_examples': PYTHONPATH=/home/ajay/bumperbot_ws/build/bumperbot_py_examples/prefix_override:/usr/lib/python3/dist-packages/colcon_core/task/python/colcon_distutils_commands:/home/ajay/bumperbot_ws/install/bumperbot_py_examples/lib/python3.10/site-packages:${PYTHONPATH} /usr/bin/python3 -W ignore:setup.py install is deprecated -W ignore:easy_install command is deprecated setup.py egg_info --egg-base ../../build/bumperbot_py_examples build --build-base /home/ajay/bumperbot_ws/build/bumperbot_py_examples/build install --record /home/ajay/bumperbot_ws/build/bumperbot_py_examples/install.log --single-version-externally-managed install_data
[0.890s] Level 1:colcon.colcon_core.environment:checking '/home/ajay/bumperbot_ws/install/bumperbot_py_examples' for CMake module files
[0.891s] DEBUG:colcon.colcon_core.event_handler.log_command:Invoked command in '/home/ajay/bumperbot_ws/src/bumperbot_py_examples' returned '0': PYTHONPATH=/home/ajay/bumperbot_ws/build/bumperbot_py_examples/prefix_override:/usr/lib/python3/dist-packages/colcon_core/task/python/colcon_distutils_commands:/home/ajay/bumperbot_ws/install/bumperbot_py_examples/lib/python3.10/site-packages:${PYTHONPATH} /usr/bin/python3 -W ignore:setup.py install is deprecated -W ignore:easy_install command is deprecated setup.py egg_info --egg-base ../../build/bumperbot_py_examples build --build-base /home/ajay/bumperbot_ws/build/bumperbot_py_examples/build install --record /home/ajay/bumperbot_ws/build/bumperbot_py_examples/install.log --single-version-externally-managed install_data
[0.891s] Level 1:colcon.colcon_core.environment:checking '/home/ajay/bumperbot_ws/install/bumperbot_py_examples' for CMake config files
[0.892s] Level 1:colcon.colcon_core.environment:checking '/home/ajay/bumperbot_ws/install/bumperbot_py_examples/lib'
[0.892s] Level 1:colcon.colcon_core.environment:checking '/home/ajay/bumperbot_ws/install/bumperbot_py_examples/bin'
[0.892s] Level 1:colcon.colcon_core.environment:checking '/home/ajay/bumperbot_ws/install/bumperbot_py_examples/lib/pkgconfig/bumperbot_py_examples.pc'
[0.892s] Level 1:colcon.colcon_core.environment:checking '/home/ajay/bumperbot_ws/install/bumperbot_py_examples/lib/python3.10/site-packages'
[0.892s] Level 1:colcon.colcon_core.shell:create_environment_hook('bumperbot_py_examples', 'pythonpath')
[0.892s] INFO:colcon.colcon_core.shell:Creating environment hook '/home/ajay/bumperbot_ws/install/bumperbot_py_examples/share/bumperbot_py_examples/hook/pythonpath.ps1'
[0.893s] INFO:colcon.colcon_core.shell:Creating environment descriptor '/home/ajay/bumperbot_ws/install/bumperbot_py_examples/share/bumperbot_py_examples/hook/pythonpath.dsv'
[0.893s] INFO:colcon.colcon_core.shell:Creating environment hook '/home/ajay/bumperbot_ws/install/bumperbot_py_examples/share/bumperbot_py_examples/hook/pythonpath.sh'
[0.894s] Level 1:colcon.colcon_core.environment:checking '/home/ajay/bumperbot_ws/install/bumperbot_py_examples/bin'
[0.894s] Level 1:colcon.colcon_core.environment:create_environment_scripts_only(bumperbot_py_examples)
[0.894s] INFO:colcon.colcon_core.shell:Creating package script '/home/ajay/bumperbot_ws/install/bumperbot_py_examples/share/bumperbot_py_examples/package.ps1'
[0.895s] INFO:colcon.colcon_core.shell:Creating package descriptor '/home/ajay/bumperbot_ws/install/bumperbot_py_examples/share/bumperbot_py_examples/package.dsv'
[0.895s] INFO:colcon.colcon_core.shell:Creating package script '/home/ajay/bumperbot_ws/install/bumperbot_py_examples/share/bumperbot_py_examples/package.sh'
[0.895s] INFO:colcon.colcon_core.shell:Creating package script '/home/ajay/bumperbot_ws/install/bumperbot_py_examples/share/bumperbot_py_examples/package.bash'
[0.896s] INFO:colcon.colcon_core.shell:Creating package script '/home/ajay/bumperbot_ws/install/bumperbot_py_examples/share/bumperbot_py_examples/package.zsh'
[0.896s] Level 1:colcon.colcon_core.environment:create_file_with_runtime_dependencies(/home/ajay/bumperbot_ws/install/bumperbot_py_examples/share/colcon-core/packages/bumperbot_py_examples)
[0.896s] DEBUG:colcon.colcon_parallel_executor.executor.parallel:closing loop
[0.897s] DEBUG:colcon.colcon_parallel_executor.executor.parallel:loop closed
[0.897s] DEBUG:colcon.colcon_parallel_executor.executor.parallel:run_until_complete finished with '0'
[0.897s] DEBUG:colcon.colcon_core.event_reactor:joining thread
[0.900s] INFO:colcon.colcon_core.plugin_system:Skipping extension 'colcon_notification.desktop_notification.terminal_notifier': Not used on non-Darwin systems
[0.900s] INFO:colcon.colcon_core.plugin_system:Skipping extension 'colcon_notification.desktop_notification.win32': Not used on non-Windows systems
[0.900s] INFO:colcon.colcon_notification.desktop_notification:Sending desktop notification using 'notify2'
[0.907s] DEBUG:colcon.colcon_core.event_reactor:joined thread
[0.907s] INFO:colcon.colcon_core.shell:Creating prefix script '/home/ajay/bumperbot_ws/install/local_setup.ps1'
[0.908s] INFO:colcon.colcon_core.shell:Creating prefix util module '/home/ajay/bumperbot_ws/install/_local_setup_util_ps1.py'
[0.909s] INFO:colcon.colcon_core.shell:Creating prefix chain script '/home/ajay/bumperbot_ws/install/setup.ps1'
[0.910s] INFO:colcon.colcon_core.shell:Creating prefix script '/home/ajay/bumperbot_ws/install/local_setup.sh'
[0.911s] INFO:colcon.colcon_core.shell:Creating prefix util module '/home/ajay/bumperbot_ws/install/_local_setup_util_sh.py'
[0.911s] INFO:colcon.colcon_core.shell:Creating prefix chain script '/home/ajay/bumperbot_ws/install/setup.sh'
[0.912s] INFO:colcon.colcon_core.shell:Creating prefix script '/home/ajay/bumperbot_ws/install/local_setup.bash'
[0.913s] INFO:colcon.colcon_core.shell:Creating prefix chain script '/home/ajay/bumperbot_ws/install/setup.bash'
[0.914s] INFO:colcon.colcon_core.shell:Creating prefix script '/home/ajay/bumperbot_ws/install/local_setup.zsh'
[0.914s] INFO:colcon.colcon_core.shell:Creating prefix chain script '/home/ajay/bumperbot_ws/install/setup.zsh'
