[0.013s] Invoking command in '/home/ajay/bumperbot_ws/build/bumperbot_controller': CMAKE_PREFIX_PATH=/home/ajay/ros2_ws/install/my_robot_controller:/opt/ros/humble /usr/bin/cmake --build /home/ajay/bumperbot_ws/build/bumperbot_controller -- -j16 -l16
[0.175s] Invoked command in '/home/ajay/bumperbot_ws/build/bumperbot_controller' returned '0': CMAKE_PREFIX_PATH=/home/ajay/ros2_ws/install/my_robot_controller:/opt/ros/humble /usr/bin/cmake --build /home/ajay/bumperbot_ws/build/bumperbot_controller -- -j16 -l16
[0.182s] Invoking command in '/home/ajay/bumperbot_ws/build/bumperbot_controller': CMAKE_PREFIX_PATH=/home/ajay/ros2_ws/install/my_robot_controller:/opt/ros/humble /usr/bin/cmake --install /home/ajay/bumperbot_ws/build/bumperbot_controller
[0.189s] -- Install configuration: ""
[0.189s] -- Up-to-date: /home/ajay/bumperbot_ws/install/bumperbot_controller/share/bumperbot_controller/config
[0.189s] -- Installing: /home/ajay/bumperbot_ws/install/bumperbot_controller/share/bumperbot_controller/config/bumperbot_controllers.yaml
[0.189s] -- Up-to-date: /home/ajay/bumperbot_ws/install/bumperbot_controller/share/bumperbot_controller/launch
[0.190s] -- Up-to-date: /home/ajay/bumperbot_ws/install/bumperbot_controller/share/bumperbot_controller/launch/controller.launch.py
[0.190s] -- Up-to-date: /home/ajay/bumperbot_ws/install/bumperbot_controller/share/ament_index/resource_index/package_run_dependencies/bumperbot_controller
[0.190s] -- Up-to-date: /home/ajay/bumperbot_ws/install/bumperbot_controller/share/ament_index/resource_index/parent_prefix_path/bumperbot_controller
[0.190s] -- Up-to-date: /home/ajay/bumperbot_ws/install/bumperbot_controller/share/bumperbot_controller/environment/ament_prefix_path.sh
[0.190s] -- Up-to-date: /home/ajay/bumperbot_ws/install/bumperbot_controller/share/bumperbot_controller/environment/ament_prefix_path.dsv
[0.190s] -- Up-to-date: /home/ajay/bumperbot_ws/install/bumperbot_controller/share/bumperbot_controller/environment/path.sh
[0.190s] -- Up-to-date: /home/ajay/bumperbot_ws/install/bumperbot_controller/share/bumperbot_controller/environment/path.dsv
[0.191s] -- Up-to-date: /home/ajay/bumperbot_ws/install/bumperbot_controller/share/bumperbot_controller/local_setup.bash
[0.191s] -- Up-to-date: /home/ajay/bumperbot_ws/install/bumperbot_controller/share/bumperbot_controller/local_setup.sh
[0.191s] -- Up-to-date: /home/ajay/bumperbot_ws/install/bumperbot_controller/share/bumperbot_controller/local_setup.zsh
[0.191s] -- Up-to-date: /home/ajay/bumperbot_ws/install/bumperbot_controller/share/bumperbot_controller/local_setup.dsv
[0.191s] -- Installing: /home/ajay/bumperbot_ws/install/bumperbot_controller/share/bumperbot_controller/package.dsv
[0.191s] -- Up-to-date: /home/ajay/bumperbot_ws/install/bumperbot_controller/share/ament_index/resource_index/packages/bumperbot_controller
[0.191s] -- Up-to-date: /home/ajay/bumperbot_ws/install/bumperbot_controller/share/bumperbot_controller/cmake/bumperbot_controllerConfig.cmake
[0.191s] -- Up-to-date: /home/ajay/bumperbot_ws/install/bumperbot_controller/share/bumperbot_controller/cmake/bumperbot_controllerConfig-version.cmake
[0.191s] -- Up-to-date: /home/ajay/bumperbot_ws/install/bumperbot_controller/share/bumperbot_controller/package.xml
[0.205s] Invoked command in '/home/ajay/bumperbot_ws/build/bumperbot_controller' returned '0': CMAKE_PREFIX_PATH=/home/ajay/ros2_ws/install/my_robot_controller:/opt/ros/humble /usr/bin/cmake --install /home/ajay/bumperbot_ws/build/bumperbot_controller
