[0.007s] Invoking command in '/home/ajay/bumperbot_ws/build/bumperbot_cpp_examples': CMAKE_PREFIX_PATH=/home/ajay/ros2_ws/install/my_robot_controller:/opt/ros/humble /usr/bin/cmake /home/ajay/bumperbot_ws/src/bumperbot_cpp_examples -DCMAKE_INSTALL_PREFIX=/home/ajay/bumperbot_ws/install/bumperbot_cpp_examples
[0.075s] -- The C compiler identification is GNU 11.4.0
[0.133s] -- The CXX compiler identification is GNU 11.4.0
[0.140s] -- Detecting C compiler ABI info
[0.187s] -- Detecting C compiler ABI info - done
[0.191s] -- Check for working C compiler: /usr/bin/cc - skipped
[0.192s] -- Detecting C compile features
[0.192s] -- Detecting C compile features - done
[0.194s] -- Detecting CXX compiler ABI info
[0.246s] -- Detecting CXX compiler ABI info - done
[0.250s] -- Check for working CXX compiler: /usr/bin/c++ - skipped
[0.250s] -- Detecting CXX compile features
[0.251s] -- Detecting CXX compile features - done
[0.253s] -- Found ament_cmake: 1.3.12 (/opt/ros/humble/share/ament_cmake/cmake)
[0.344s] -- Found Python3: /usr/bin/python3 (found version "3.10.12") found components: Interpreter 
[0.410s] [31mCMake Error at CMakeLists.txt:15 (find_package):
[0.410s]   By not providing "Findament_lint_auto.cmake" in CMAKE_MODULE_PATH this
[0.410s]   project has asked CMake to find a package configuration file provided by
[0.410s]   "ament_lint_auto", but CMake did not find one.
[0.410s] 
[0.410s]   Could not find a package configuration file provided by "ament_lint_auto"
[0.410s]   with any of the following names:
[0.410s] 
[0.410s]     ament_lint_autoConfig.cmake
[0.410s]     ament_lint_auto-config.cmake
[0.410s] 
[0.410s]   Add the installation prefix of "ament_lint_auto" to CMAKE_PREFIX_PATH or
[0.410s]   set "ament_lint_auto_DIR" to a directory containing one of the above files.
[0.410s]   If "ament_lint_auto" provides a separate development package or SDK, be
[0.410s]   sure it has been installed.
[0.411s] 
[0.411s] [0m
[0.411s] -- Configuring incomplete, errors occurred!
[0.411s] See also "/home/ajay/bumperbot_ws/build/bumperbot_cpp_examples/CMakeFiles/CMakeOutput.log".
[0.413s] Invoked command in '/home/ajay/bumperbot_ws/build/bumperbot_cpp_examples' returned '1': CMAKE_PREFIX_PATH=/home/ajay/ros2_ws/install/my_robot_controller:/opt/ros/humble /usr/bin/cmake /home/ajay/bumperbot_ws/src/bumperbot_cpp_examples -DCMAKE_INSTALL_PREFIX=/home/ajay/bumperbot_ws/install/bumperbot_cpp_examples
