[0.011s] Invoking command in '/home/ajay/bumperbot_ws/build/bumperbot_controller': CMAKE_PREFIX_PATH=/home/ajay/ros2_ws/install/my_robot_controller:/opt/ros/humble /usr/bin/cmake --build /home/ajay/bumperbot_ws/build/bumperbot_controller -- -j16 -l16
[0.170s] Invoked command in '/home/ajay/bumperbot_ws/build/bumperbot_controller' returned '0': CMAKE_PREFIX_PATH=/home/ajay/ros2_ws/install/my_robot_controller:/opt/ros/humble /usr/bin/cmake --build /home/ajay/bumperbot_ws/build/bumperbot_controller -- -j16 -l16
[0.178s] Invoking command in '/home/ajay/bumperbot_ws/build/bumperbot_controller': CMAKE_PREFIX_PATH=/home/ajay/ros2_ws/install/my_robot_controller:/opt/ros/humble /usr/bin/cmake --install /home/ajay/bumperbot_ws/build/bumperbot_controller
[0.185s] -- Install configuration: ""
[0.185s] -- Up-to-date: /home/ajay/bumperbot_ws/install/bumperbot_controller/share/bumperbot_controller/config
[0.185s] -- Up-to-date: /home/ajay/bumperbot_ws/install/bumperbot_controller/share/bumperbot_controller/config/bumperbot_controllers.yaml
[0.185s] -- Up-to-date: /home/ajay/bumperbot_ws/install/bumperbot_controller/share/ament_index/resource_index/package_run_dependencies/bumperbot_controller
[0.186s] -- Up-to-date: /home/ajay/bumperbot_ws/install/bumperbot_controller/share/ament_index/resource_index/parent_prefix_path/bumperbot_controller
[0.186s] -- Up-to-date: /home/ajay/bumperbot_ws/install/bumperbot_controller/share/bumperbot_controller/environment/ament_prefix_path.sh
[0.186s] -- Up-to-date: /home/ajay/bumperbot_ws/install/bumperbot_controller/share/bumperbot_controller/environment/ament_prefix_path.dsv
[0.186s] -- Up-to-date: /home/ajay/bumperbot_ws/install/bumperbot_controller/share/bumperbot_controller/environment/path.sh
[0.187s] -- Up-to-date: /home/ajay/bumperbot_ws/install/bumperbot_controller/share/bumperbot_controller/environment/path.dsv
[0.187s] -- Up-to-date: /home/ajay/bumperbot_ws/install/bumperbot_controller/share/bumperbot_controller/local_setup.bash
[0.187s] -- Up-to-date: /home/ajay/bumperbot_ws/install/bumperbot_controller/share/bumperbot_controller/local_setup.sh
[0.187s] -- Up-to-date: /home/ajay/bumperbot_ws/install/bumperbot_controller/share/bumperbot_controller/local_setup.zsh
[0.187s] -- Up-to-date: /home/ajay/bumperbot_ws/install/bumperbot_controller/share/bumperbot_controller/local_setup.dsv
[0.187s] -- Installing: /home/ajay/bumperbot_ws/install/bumperbot_controller/share/bumperbot_controller/package.dsv
[0.188s] -- Up-to-date: /home/ajay/bumperbot_ws/install/bumperbot_controller/share/ament_index/resource_index/packages/bumperbot_controller
[0.188s] -- Up-to-date: /home/ajay/bumperbot_ws/install/bumperbot_controller/share/bumperbot_controller/cmake/bumperbot_controllerConfig.cmake
[0.188s] -- Up-to-date: /home/ajay/bumperbot_ws/install/bumperbot_controller/share/bumperbot_controller/cmake/bumperbot_controllerConfig-version.cmake
[0.188s] -- Up-to-date: /home/ajay/bumperbot_ws/install/bumperbot_controller/share/bumperbot_controller/package.xml
[0.191s] Invoked command in '/home/ajay/bumperbot_ws/build/bumperbot_controller' returned '0': CMAKE_PREFIX_PATH=/home/ajay/ros2_ws/install/my_robot_controller:/opt/ros/humble /usr/bin/cmake --install /home/ajay/bumperbot_ws/build/bumperbot_controller
