[0.011s] Invoking command in '/home/ajay/bumperbot_ws/build/bumperbot_controller': CMAKE_PREFIX_PATH=/home/ajay/ros2_ws/install/my_robot_controller:/opt/ros/humble /usr/bin/cmake --build /home/ajay/bumperbot_ws/build/bumperbot_controller -- -j16 -l16
[0.025s] -- Found ament_cmake: 1.3.12 (/opt/ros/humble/share/ament_cmake/cmake)
[0.108s] -- Found ament_lint_auto: 0.12.14 (/opt/ros/humble/share/ament_lint_auto/cmake)
[0.153s] -- Added test 'flake8' to check Python code syntax and style conventions
[0.153s] -- Added test 'lint_cmake' to check CMake code style
[0.153s] -- Added test 'pep257' to check Python code against some of the docstring style conventions in PEP 257
[0.153s] -- Added test 'xmllint' to check XML markup files
[0.154s] -- Configuring done
[0.155s] -- Generating done
[0.156s] -- Build files have been written to: /home/ajay/bumperbot_ws/build/bumperbot_controller
[0.183s] Invoked command in '/home/ajay/bumperbot_ws/build/bumperbot_controller' returned '0': CMAKE_PREFIX_PATH=/home/ajay/ros2_ws/install/my_robot_controller:/opt/ros/humble /usr/bin/cmake --build /home/ajay/bumperbot_ws/build/bumperbot_controller -- -j16 -l16
[0.185s] Invoking command in '/home/ajay/bumperbot_ws/build/bumperbot_controller': CMAKE_PREFIX_PATH=/home/ajay/ros2_ws/install/my_robot_controller:/opt/ros/humble /usr/bin/cmake --install /home/ajay/bumperbot_ws/build/bumperbot_controller
[0.192s] -- Install configuration: ""
[0.192s] -- Up-to-date: /home/ajay/bumperbot_ws/install/bumperbot_controller/share/bumperbot_controller/config
[0.192s] -- Up-to-date: /home/ajay/bumperbot_ws/install/bumperbot_controller/share/bumperbot_controller/config/bumperbot_controllers.yaml
[0.192s] -- Installing: /home/ajay/bumperbot_ws/install/bumperbot_controller/share/bumperbot_controller/launch
[0.192s] -- Installing: /home/ajay/bumperbot_ws/install/bumperbot_controller/share/bumperbot_controller/launch/controller.launch.py
[0.192s] -- Installing: /home/ajay/bumperbot_ws/install/bumperbot_controller/share/ament_index/resource_index/package_run_dependencies/bumperbot_controller
[0.192s] -- Up-to-date: /home/ajay/bumperbot_ws/install/bumperbot_controller/share/ament_index/resource_index/parent_prefix_path/bumperbot_controller
[0.192s] -- Up-to-date: /home/ajay/bumperbot_ws/install/bumperbot_controller/share/bumperbot_controller/environment/ament_prefix_path.sh
[0.192s] -- Installing: /home/ajay/bumperbot_ws/install/bumperbot_controller/share/bumperbot_controller/environment/ament_prefix_path.dsv
[0.193s] -- Up-to-date: /home/ajay/bumperbot_ws/install/bumperbot_controller/share/bumperbot_controller/environment/path.sh
[0.193s] -- Installing: /home/ajay/bumperbot_ws/install/bumperbot_controller/share/bumperbot_controller/environment/path.dsv
[0.193s] -- Up-to-date: /home/ajay/bumperbot_ws/install/bumperbot_controller/share/bumperbot_controller/local_setup.bash
[0.193s] -- Up-to-date: /home/ajay/bumperbot_ws/install/bumperbot_controller/share/bumperbot_controller/local_setup.sh
[0.193s] -- Up-to-date: /home/ajay/bumperbot_ws/install/bumperbot_controller/share/bumperbot_controller/local_setup.zsh
[0.193s] -- Installing: /home/ajay/bumperbot_ws/install/bumperbot_controller/share/bumperbot_controller/local_setup.dsv
[0.193s] -- Installing: /home/ajay/bumperbot_ws/install/bumperbot_controller/share/bumperbot_controller/package.dsv
[0.193s] -- Up-to-date: /home/ajay/bumperbot_ws/install/bumperbot_controller/share/ament_index/resource_index/packages/bumperbot_controller
[0.193s] -- Up-to-date: /home/ajay/bumperbot_ws/install/bumperbot_controller/share/bumperbot_controller/cmake/bumperbot_controllerConfig.cmake
[0.193s] -- Up-to-date: /home/ajay/bumperbot_ws/install/bumperbot_controller/share/bumperbot_controller/cmake/bumperbot_controllerConfig-version.cmake
[0.193s] -- Installing: /home/ajay/bumperbot_ws/install/bumperbot_controller/share/bumperbot_controller/package.xml
[0.210s] Invoked command in '/home/ajay/bumperbot_ws/build/bumperbot_controller' returned '0': CMAKE_PREFIX_PATH=/home/ajay/ros2_ws/install/my_robot_controller:/opt/ros/humble /usr/bin/cmake --install /home/ajay/bumperbot_ws/build/bumperbot_controller
