[0.059s] DEBUG:colcon:Command line arguments: ['/usr/bin/colcon', 'build']
[0.059s] DEBUG:colcon:Parsed command line arguments: Namespace(log_base=None, log_level=None, verb_name='build', build_base='build', install_base='install', merge_install=False, symlink_install=False, test_result_base=None, continue_on_error=False, executor='parallel', parallel_workers=16, event_handlers=None, ignore_user_meta=False, metas=['./colcon.meta'], base_paths=['.'], packages_ignore=None, packages_ignore_regex=None, paths=None, packages_up_to=None, packages_up_to_regex=None, packages_above=None, packages_above_and_dependencies=None, packages_above_depth=None, packages_select_by_dep=None, packages_skip_by_dep=None, packages_skip_up_to=None, packages_select_build_failed=False, packages_skip_build_finished=False, packages_select_test_failures=False, packages_skip_test_passed=False, packages_select=None, packages_skip=None, packages_select_regex=None, packages_skip_regex=None, packages_start=None, packages_end=None, allow_overriding=[], cmake_args=None, cmake_target=None, cmake_target_skip_unavailable=False, cmake_clean_cache=False, cmake_clean_first=False, cmake_force_configure=False, ament_cmake_args=None, catkin_cmake_args=None, catkin_skip_building_tests=False, verb_parser=<colcon_defaults.argument_parser.defaults.DefaultArgumentsDecorator object at 0x785c60b0ef50>, verb_extension=<colcon_core.verb.build.BuildVerb object at 0x785c60b0ea10>, main=<bound method BuildVerb.main of <colcon_core.verb.build.BuildVerb object at 0x785c60b0ea10>>)
[0.150s] Level 1:colcon.colcon_core.package_discovery:discover_packages(colcon_meta) check parameters
[0.151s] Level 1:colcon.colcon_core.package_discovery:discover_packages(recursive) check parameters
[0.151s] Level 1:colcon.colcon_core.package_discovery:discover_packages(ignore) check parameters
[0.151s] Level 1:colcon.colcon_core.package_discovery:discover_packages(path) check parameters
[0.151s] Level 1:colcon.colcon_core.package_discovery:discover_packages(colcon_meta) discover
[0.151s] Level 1:colcon.colcon_core.package_discovery:discover_packages(recursive) discover
[0.151s] INFO:colcon.colcon_core.package_discovery:Crawling recursively for packages in '/home/ajay/bumperbot_ws'
[0.151s] Level 1:colcon.colcon_core.package_identification:_identify(.) by extensions ['ignore', 'ignore_ament_install']
[0.151s] Level 1:colcon.colcon_core.package_identification:_identify(.) by extension 'ignore'
[0.151s] Level 1:colcon.colcon_core.package_identification:_identify(.) by extension 'ignore_ament_install'
[0.151s] Level 1:colcon.colcon_core.package_identification:_identify(.) by extensions ['colcon_pkg']
[0.151s] Level 1:colcon.colcon_core.package_identification:_identify(.) by extension 'colcon_pkg'
[0.151s] Level 1:colcon.colcon_core.package_identification:_identify(.) by extensions ['colcon_meta']
[0.151s] Level 1:colcon.colcon_core.package_identification:_identify(.) by extension 'colcon_meta'
[0.151s] Level 1:colcon.colcon_core.package_identification:_identify(.) by extensions ['ros']
[0.151s] Level 1:colcon.colcon_core.package_identification:_identify(.) by extension 'ros'
[0.158s] Level 1:colcon.colcon_core.package_identification:_identify(.) by extensions ['cmake', 'python']
[0.158s] Level 1:colcon.colcon_core.package_identification:_identify(.) by extension 'cmake'
[0.158s] Level 1:colcon.colcon_core.package_identification:_identify(.) by extension 'python'
[0.158s] Level 1:colcon.colcon_core.package_identification:_identify(.) by extensions ['python_setup_py']
[0.158s] Level 1:colcon.colcon_core.package_identification:_identify(.) by extension 'python_setup_py'
[0.158s] Level 1:colcon.colcon_core.package_identification:_identify(build) by extensions ['ignore', 'ignore_ament_install']
[0.158s] Level 1:colcon.colcon_core.package_identification:_identify(build) by extension 'ignore'
[0.158s] Level 1:colcon.colcon_core.package_identification:_identify(build) ignored
[0.158s] Level 1:colcon.colcon_core.package_identification:_identify(install) by extensions ['ignore', 'ignore_ament_install']
[0.158s] Level 1:colcon.colcon_core.package_identification:_identify(install) by extension 'ignore'
[0.158s] Level 1:colcon.colcon_core.package_identification:_identify(install) ignored
[0.158s] Level 1:colcon.colcon_core.package_identification:_identify(log) by extensions ['ignore', 'ignore_ament_install']
[0.158s] Level 1:colcon.colcon_core.package_identification:_identify(log) by extension 'ignore'
[0.158s] Level 1:colcon.colcon_core.package_identification:_identify(log) ignored
[0.158s] Level 1:colcon.colcon_core.package_identification:_identify(src) by extensions ['ignore', 'ignore_ament_install']
[0.159s] Level 1:colcon.colcon_core.package_identification:_identify(src) by extension 'ignore'
[0.159s] Level 1:colcon.colcon_core.package_identification:_identify(src) by extension 'ignore_ament_install'
[0.159s] Level 1:colcon.colcon_core.package_identification:_identify(src) by extensions ['colcon_pkg']
[0.159s] Level 1:colcon.colcon_core.package_identification:_identify(src) by extension 'colcon_pkg'
[0.159s] Level 1:colcon.colcon_core.package_identification:_identify(src) by extensions ['colcon_meta']
[0.159s] Level 1:colcon.colcon_core.package_identification:_identify(src) by extension 'colcon_meta'
[0.159s] Level 1:colcon.colcon_core.package_identification:_identify(src) by extensions ['ros']
[0.159s] Level 1:colcon.colcon_core.package_identification:_identify(src) by extension 'ros'
[0.159s] Level 1:colcon.colcon_core.package_identification:_identify(src) by extensions ['cmake', 'python']
[0.159s] Level 1:colcon.colcon_core.package_identification:_identify(src) by extension 'cmake'
[0.159s] Level 1:colcon.colcon_core.package_identification:_identify(src) by extension 'python'
[0.159s] Level 1:colcon.colcon_core.package_identification:_identify(src) by extensions ['python_setup_py']
[0.159s] Level 1:colcon.colcon_core.package_identification:_identify(src) by extension 'python_setup_py'
[0.159s] Level 1:colcon.colcon_core.package_identification:_identify(src/bumperbot_controller) by extensions ['ignore', 'ignore_ament_install']
[0.159s] Level 1:colcon.colcon_core.package_identification:_identify(src/bumperbot_controller) by extension 'ignore'
[0.159s] Level 1:colcon.colcon_core.package_identification:_identify(src/bumperbot_controller) by extension 'ignore_ament_install'
[0.159s] Level 1:colcon.colcon_core.package_identification:_identify(src/bumperbot_controller) by extensions ['colcon_pkg']
[0.159s] Level 1:colcon.colcon_core.package_identification:_identify(src/bumperbot_controller) by extension 'colcon_pkg'
[0.159s] Level 1:colcon.colcon_core.package_identification:_identify(src/bumperbot_controller) by extensions ['colcon_meta']
[0.159s] Level 1:colcon.colcon_core.package_identification:_identify(src/bumperbot_controller) by extension 'colcon_meta'
[0.159s] Level 1:colcon.colcon_core.package_identification:_identify(src/bumperbot_controller) by extensions ['ros']
[0.159s] Level 1:colcon.colcon_core.package_identification:_identify(src/bumperbot_controller) by extension 'ros'
[0.160s] DEBUG:colcon.colcon_core.package_identification:Package 'src/bumperbot_controller' with type 'ros.ament_cmake' and name 'bumperbot_controller'
[0.161s] Level 1:colcon.colcon_core.package_identification:_identify(src/bumperbot_cpp_examples) by extensions ['ignore', 'ignore_ament_install']
[0.161s] Level 1:colcon.colcon_core.package_identification:_identify(src/bumperbot_cpp_examples) by extension 'ignore'
[0.161s] Level 1:colcon.colcon_core.package_identification:_identify(src/bumperbot_cpp_examples) by extension 'ignore_ament_install'
[0.161s] Level 1:colcon.colcon_core.package_identification:_identify(src/bumperbot_cpp_examples) by extensions ['colcon_pkg']
[0.161s] Level 1:colcon.colcon_core.package_identification:_identify(src/bumperbot_cpp_examples) by extension 'colcon_pkg'
[0.161s] Level 1:colcon.colcon_core.package_identification:_identify(src/bumperbot_cpp_examples) by extensions ['colcon_meta']
[0.161s] Level 1:colcon.colcon_core.package_identification:_identify(src/bumperbot_cpp_examples) by extension 'colcon_meta'
[0.161s] Level 1:colcon.colcon_core.package_identification:_identify(src/bumperbot_cpp_examples) by extensions ['ros']
[0.161s] Level 1:colcon.colcon_core.package_identification:_identify(src/bumperbot_cpp_examples) by extension 'ros'
[0.161s] DEBUG:colcon.colcon_core.package_identification:Package 'src/bumperbot_cpp_examples' with type 'ros.ament_cmake' and name 'bumperbot_cpp_examples'
[0.161s] Level 1:colcon.colcon_core.package_identification:_identify(src/bumperbot_description) by extensions ['ignore', 'ignore_ament_install']
[0.161s] Level 1:colcon.colcon_core.package_identification:_identify(src/bumperbot_description) by extension 'ignore'
[0.161s] Level 1:colcon.colcon_core.package_identification:_identify(src/bumperbot_description) by extension 'ignore_ament_install'
[0.161s] Level 1:colcon.colcon_core.package_identification:_identify(src/bumperbot_description) by extensions ['colcon_pkg']
[0.161s] Level 1:colcon.colcon_core.package_identification:_identify(src/bumperbot_description) by extension 'colcon_pkg'
[0.161s] Level 1:colcon.colcon_core.package_identification:_identify(src/bumperbot_description) by extensions ['colcon_meta']
[0.161s] Level 1:colcon.colcon_core.package_identification:_identify(src/bumperbot_description) by extension 'colcon_meta'
[0.161s] Level 1:colcon.colcon_core.package_identification:_identify(src/bumperbot_description) by extensions ['ros']
[0.161s] Level 1:colcon.colcon_core.package_identification:_identify(src/bumperbot_description) by extension 'ros'
[0.163s] DEBUG:colcon.colcon_core.package_identification:Package 'src/bumperbot_description' with type 'ros.ament_cmake' and name 'bumperbot_description'
[0.163s] Level 1:colcon.colcon_core.package_identification:_identify(src/bumperbot_py_examples) by extensions ['ignore', 'ignore_ament_install']
[0.163s] Level 1:colcon.colcon_core.package_identification:_identify(src/bumperbot_py_examples) by extension 'ignore'
[0.163s] Level 1:colcon.colcon_core.package_identification:_identify(src/bumperbot_py_examples) by extension 'ignore_ament_install'
[0.163s] Level 1:colcon.colcon_core.package_identification:_identify(src/bumperbot_py_examples) by extensions ['colcon_pkg']
[0.163s] Level 1:colcon.colcon_core.package_identification:_identify(src/bumperbot_py_examples) by extension 'colcon_pkg'
[0.163s] Level 1:colcon.colcon_core.package_identification:_identify(src/bumperbot_py_examples) by extensions ['colcon_meta']
[0.163s] Level 1:colcon.colcon_core.package_identification:_identify(src/bumperbot_py_examples) by extension 'colcon_meta'
[0.163s] Level 1:colcon.colcon_core.package_identification:_identify(src/bumperbot_py_examples) by extensions ['ros']
[0.163s] Level 1:colcon.colcon_core.package_identification:_identify(src/bumperbot_py_examples) by extension 'ros'
[0.163s] DEBUG:colcon.colcon_core.package_identification:Package 'src/bumperbot_py_examples' with type 'ros.ament_python' and name 'bumperbot_py_examples'
[0.163s] Level 1:colcon.colcon_core.package_discovery:discover_packages(recursive) using defaults
[0.163s] Level 1:colcon.colcon_core.package_discovery:discover_packages(ignore) discover
[0.163s] Level 1:colcon.colcon_core.package_discovery:discover_packages(ignore) using defaults
[0.163s] Level 1:colcon.colcon_core.package_discovery:discover_packages(path) discover
[0.163s] Level 1:colcon.colcon_core.package_discovery:discover_packages(path) using defaults
[0.181s] Level 1:colcon.colcon_core.package_discovery:discover_packages(prefix_path) check parameters
[0.181s] Level 1:colcon.colcon_core.package_discovery:discover_packages(prefix_path) discover
[0.182s] DEBUG:colcon.colcon_installed_package_information.package_discovery:Found 1 installed packages in /home/ajay/ros2_ws/install
[0.183s] DEBUG:colcon.colcon_installed_package_information.package_discovery:Found 267 installed packages in /opt/ros/humble
[0.183s] Level 1:colcon.colcon_core.package_discovery:discover_packages(prefix_path) using defaults
[0.201s] Level 5:colcon.colcon_core.verb:set package 'bumperbot_controller' build argument 'cmake_args' from command line to 'None'
[0.201s] Level 5:colcon.colcon_core.verb:set package 'bumperbot_controller' build argument 'cmake_target' from command line to 'None'
[0.201s] Level 5:colcon.colcon_core.verb:set package 'bumperbot_controller' build argument 'cmake_target_skip_unavailable' from command line to 'False'
[0.201s] Level 5:colcon.colcon_core.verb:set package 'bumperbot_controller' build argument 'cmake_clean_cache' from command line to 'False'
[0.201s] Level 5:colcon.colcon_core.verb:set package 'bumperbot_controller' build argument 'cmake_clean_first' from command line to 'False'
[0.201s] Level 5:colcon.colcon_core.verb:set package 'bumperbot_controller' build argument 'cmake_force_configure' from command line to 'False'
[0.201s] Level 5:colcon.colcon_core.verb:set package 'bumperbot_controller' build argument 'ament_cmake_args' from command line to 'None'
[0.201s] Level 5:colcon.colcon_core.verb:set package 'bumperbot_controller' build argument 'catkin_cmake_args' from command line to 'None'
[0.201s] Level 5:colcon.colcon_core.verb:set package 'bumperbot_controller' build argument 'catkin_skip_building_tests' from command line to 'False'
[0.201s] DEBUG:colcon.colcon_core.verb:Building package 'bumperbot_controller' with the following arguments: {'ament_cmake_args': None, 'build_base': '/home/ajay/bumperbot_ws/build/bumperbot_controller', 'catkin_cmake_args': None, 'catkin_skip_building_tests': False, 'cmake_args': None, 'cmake_clean_cache': False, 'cmake_clean_first': False, 'cmake_force_configure': False, 'cmake_target': None, 'cmake_target_skip_unavailable': False, 'install_base': '/home/ajay/bumperbot_ws/install/bumperbot_controller', 'merge_install': False, 'path': '/home/ajay/bumperbot_ws/src/bumperbot_controller', 'symlink_install': False, 'test_result_base': None}
[0.201s] Level 5:colcon.colcon_core.verb:set package 'bumperbot_cpp_examples' build argument 'cmake_args' from command line to 'None'
[0.201s] Level 5:colcon.colcon_core.verb:set package 'bumperbot_cpp_examples' build argument 'cmake_target' from command line to 'None'
[0.201s] Level 5:colcon.colcon_core.verb:set package 'bumperbot_cpp_examples' build argument 'cmake_target_skip_unavailable' from command line to 'False'
[0.201s] Level 5:colcon.colcon_core.verb:set package 'bumperbot_cpp_examples' build argument 'cmake_clean_cache' from command line to 'False'
[0.201s] Level 5:colcon.colcon_core.verb:set package 'bumperbot_cpp_examples' build argument 'cmake_clean_first' from command line to 'False'
[0.201s] Level 5:colcon.colcon_core.verb:set package 'bumperbot_cpp_examples' build argument 'cmake_force_configure' from command line to 'False'
[0.201s] Level 5:colcon.colcon_core.verb:set package 'bumperbot_cpp_examples' build argument 'ament_cmake_args' from command line to 'None'
[0.201s] Level 5:colcon.colcon_core.verb:set package 'bumperbot_cpp_examples' build argument 'catkin_cmake_args' from command line to 'None'
[0.201s] Level 5:colcon.colcon_core.verb:set package 'bumperbot_cpp_examples' build argument 'catkin_skip_building_tests' from command line to 'False'
[0.201s] DEBUG:colcon.colcon_core.verb:Building package 'bumperbot_cpp_examples' with the following arguments: {'ament_cmake_args': None, 'build_base': '/home/ajay/bumperbot_ws/build/bumperbot_cpp_examples', 'catkin_cmake_args': None, 'catkin_skip_building_tests': False, 'cmake_args': None, 'cmake_clean_cache': False, 'cmake_clean_first': False, 'cmake_force_configure': False, 'cmake_target': None, 'cmake_target_skip_unavailable': False, 'install_base': '/home/ajay/bumperbot_ws/install/bumperbot_cpp_examples', 'merge_install': False, 'path': '/home/ajay/bumperbot_ws/src/bumperbot_cpp_examples', 'symlink_install': False, 'test_result_base': None}
[0.202s] Level 5:colcon.colcon_core.verb:set package 'bumperbot_description' build argument 'cmake_args' from command line to 'None'
[0.202s] Level 5:colcon.colcon_core.verb:set package 'bumperbot_description' build argument 'cmake_target' from command line to 'None'
[0.202s] Level 5:colcon.colcon_core.verb:set package 'bumperbot_description' build argument 'cmake_target_skip_unavailable' from command line to 'False'
[0.202s] Level 5:colcon.colcon_core.verb:set package 'bumperbot_description' build argument 'cmake_clean_cache' from command line to 'False'
[0.202s] Level 5:colcon.colcon_core.verb:set package 'bumperbot_description' build argument 'cmake_clean_first' from command line to 'False'
[0.202s] Level 5:colcon.colcon_core.verb:set package 'bumperbot_description' build argument 'cmake_force_configure' from command line to 'False'
[0.202s] Level 5:colcon.colcon_core.verb:set package 'bumperbot_description' build argument 'ament_cmake_args' from command line to 'None'
[0.202s] Level 5:colcon.colcon_core.verb:set package 'bumperbot_description' build argument 'catkin_cmake_args' from command line to 'None'
[0.202s] Level 5:colcon.colcon_core.verb:set package 'bumperbot_description' build argument 'catkin_skip_building_tests' from command line to 'False'
[0.202s] DEBUG:colcon.colcon_core.verb:Building package 'bumperbot_description' with the following arguments: {'ament_cmake_args': None, 'build_base': '/home/ajay/bumperbot_ws/build/bumperbot_description', 'catkin_cmake_args': None, 'catkin_skip_building_tests': False, 'cmake_args': None, 'cmake_clean_cache': False, 'cmake_clean_first': False, 'cmake_force_configure': False, 'cmake_target': None, 'cmake_target_skip_unavailable': False, 'install_base': '/home/ajay/bumperbot_ws/install/bumperbot_description', 'merge_install': False, 'path': '/home/ajay/bumperbot_ws/src/bumperbot_description', 'symlink_install': False, 'test_result_base': None}
[0.202s] Level 5:colcon.colcon_core.verb:set package 'bumperbot_py_examples' build argument 'cmake_args' from command line to 'None'
[0.202s] Level 5:colcon.colcon_core.verb:set package 'bumperbot_py_examples' build argument 'cmake_target' from command line to 'None'
[0.202s] Level 5:colcon.colcon_core.verb:set package 'bumperbot_py_examples' build argument 'cmake_target_skip_unavailable' from command line to 'False'
[0.202s] Level 5:colcon.colcon_core.verb:set package 'bumperbot_py_examples' build argument 'cmake_clean_cache' from command line to 'False'
[0.202s] Level 5:colcon.colcon_core.verb:set package 'bumperbot_py_examples' build argument 'cmake_clean_first' from command line to 'False'
[0.202s] Level 5:colcon.colcon_core.verb:set package 'bumperbot_py_examples' build argument 'cmake_force_configure' from command line to 'False'
[0.202s] Level 5:colcon.colcon_core.verb:set package 'bumperbot_py_examples' build argument 'ament_cmake_args' from command line to 'None'
[0.202s] Level 5:colcon.colcon_core.verb:set package 'bumperbot_py_examples' build argument 'catkin_cmake_args' from command line to 'None'
[0.202s] Level 5:colcon.colcon_core.verb:set package 'bumperbot_py_examples' build argument 'catkin_skip_building_tests' from command line to 'False'
[0.202s] DEBUG:colcon.colcon_core.verb:Building package 'bumperbot_py_examples' with the following arguments: {'ament_cmake_args': None, 'build_base': '/home/ajay/bumperbot_ws/build/bumperbot_py_examples', 'catkin_cmake_args': None, 'catkin_skip_building_tests': False, 'cmake_args': None, 'cmake_clean_cache': False, 'cmake_clean_first': False, 'cmake_force_configure': False, 'cmake_target': None, 'cmake_target_skip_unavailable': False, 'install_base': '/home/ajay/bumperbot_ws/install/bumperbot_py_examples', 'merge_install': False, 'path': '/home/ajay/bumperbot_ws/src/bumperbot_py_examples', 'symlink_install': False, 'test_result_base': None}
[0.202s] INFO:colcon.colcon_core.executor:Executing jobs using 'parallel' executor
[0.203s] DEBUG:colcon.colcon_parallel_executor.executor.parallel:run_until_complete
[0.203s] INFO:colcon.colcon_ros.task.ament_cmake.build:Building ROS package in '/home/ajay/bumperbot_ws/src/bumperbot_controller' with build type 'ament_cmake'
[0.203s] INFO:colcon.colcon_cmake.task.cmake.build:Building CMake package in '/home/ajay/bumperbot_ws/src/bumperbot_controller'
[0.205s] INFO:colcon.colcon_core.plugin_system:Skipping extension 'colcon_core.shell.bat': Not used on non-Windows systems
[0.205s] INFO:colcon.colcon_core.shell:Skip shell extension 'powershell' for command environment: Not usable outside of PowerShell
[0.205s] DEBUG:colcon.colcon_core.shell:Skip shell extension 'dsv' for command environment
[0.207s] INFO:colcon.colcon_ros.task.ament_cmake.build:Building ROS package in '/home/ajay/bumperbot_ws/src/bumperbot_cpp_examples' with build type 'ament_cmake'
[0.207s] INFO:colcon.colcon_cmake.task.cmake.build:Building CMake package in '/home/ajay/bumperbot_ws/src/bumperbot_cpp_examples'
[0.207s] INFO:colcon.colcon_core.shell:Skip shell extension 'powershell' for command environment: Not usable outside of PowerShell
[0.207s] DEBUG:colcon.colcon_core.shell:Skip shell extension 'dsv' for command environment
[0.208s] INFO:colcon.colcon_ros.task.ament_cmake.build:Building ROS package in '/home/ajay/bumperbot_ws/src/bumperbot_description' with build type 'ament_cmake'
[0.209s] INFO:colcon.colcon_cmake.task.cmake.build:Building CMake package in '/home/ajay/bumperbot_ws/src/bumperbot_description'
[0.209s] INFO:colcon.colcon_core.shell:Skip shell extension 'powershell' for command environment: Not usable outside of PowerShell
[0.209s] DEBUG:colcon.colcon_core.shell:Skip shell extension 'dsv' for command environment
[0.210s] INFO:colcon.colcon_ros.task.ament_python.build:Building ROS package in '/home/ajay/bumperbot_ws/src/bumperbot_py_examples' with build type 'ament_python'
[0.210s] Level 1:colcon.colcon_core.shell:create_environment_hook('bumperbot_py_examples', 'ament_prefix_path')
[0.210s] INFO:colcon.colcon_core.shell:Creating environment hook '/home/ajay/bumperbot_ws/install/bumperbot_py_examples/share/bumperbot_py_examples/hook/ament_prefix_path.ps1'
[0.211s] INFO:colcon.colcon_core.shell:Creating environment descriptor '/home/ajay/bumperbot_ws/install/bumperbot_py_examples/share/bumperbot_py_examples/hook/ament_prefix_path.dsv'
[0.211s] INFO:colcon.colcon_core.shell:Creating environment hook '/home/ajay/bumperbot_ws/install/bumperbot_py_examples/share/bumperbot_py_examples/hook/ament_prefix_path.sh'
[0.211s] INFO:colcon.colcon_core.shell:Skip shell extension 'powershell' for command environment: Not usable outside of PowerShell
[0.211s] DEBUG:colcon.colcon_core.shell:Skip shell extension 'dsv' for command environment
[0.216s] DEBUG:colcon.colcon_core.event_handler.log_command:Invoking command in '/home/ajay/bumperbot_ws/build/bumperbot_controller': CMAKE_PREFIX_PATH=/home/ajay/ros2_ws/install/my_robot_controller:/opt/ros/humble /usr/bin/cmake --build /home/ajay/bumperbot_ws/build/bumperbot_controller -- -j16 -l16
[0.218s] DEBUG:colcon.colcon_core.event_handler.log_command:Invoking command in '/home/ajay/bumperbot_ws/build/bumperbot_cpp_examples': CMAKE_PREFIX_PATH=/home/ajay/ros2_ws/install/my_robot_controller:/opt/ros/humble /usr/bin/cmake --build /home/ajay/bumperbot_ws/build/bumperbot_cpp_examples -- -j16 -l16
[0.219s] DEBUG:colcon.colcon_core.event_handler.log_command:Invoking command in '/home/ajay/bumperbot_ws/build/bumperbot_description': CMAKE_PREFIX_PATH=/home/ajay/ros2_ws/install/my_robot_controller:/opt/ros/humble /usr/bin/cmake --build /home/ajay/bumperbot_ws/build/bumperbot_description -- -j16 -l16
[0.372s] INFO:colcon.colcon_core.task.python.build:Building Python package in '/home/ajay/bumperbot_ws/src/bumperbot_py_examples'
[0.372s] INFO:colcon.colcon_core.shell:Skip shell extension 'powershell' for command environment: Not usable outside of PowerShell
[0.372s] DEBUG:colcon.colcon_core.shell:Skip shell extension 'dsv' for command environment
[0.376s] DEBUG:colcon.colcon_core.event_handler.log_command:Invoked command in '/home/ajay/bumperbot_ws/build/bumperbot_cpp_examples' returned '0': CMAKE_PREFIX_PATH=/home/ajay/ros2_ws/install/my_robot_controller:/opt/ros/humble /usr/bin/cmake --build /home/ajay/bumperbot_ws/build/bumperbot_cpp_examples -- -j16 -l16
[0.384s] DEBUG:colcon.colcon_core.event_handler.log_command:Invoking command in '/home/ajay/bumperbot_ws/build/bumperbot_cpp_examples': CMAKE_PREFIX_PATH=/home/ajay/ros2_ws/install/my_robot_controller:/opt/ros/humble /usr/bin/cmake --install /home/ajay/bumperbot_ws/build/bumperbot_cpp_examples
[0.385s] DEBUG:colcon.colcon_core.event_handler.log_command:Invoked command in '/home/ajay/bumperbot_ws/build/bumperbot_description' returned '0': CMAKE_PREFIX_PATH=/home/ajay/ros2_ws/install/my_robot_controller:/opt/ros/humble /usr/bin/cmake --build /home/ajay/bumperbot_ws/build/bumperbot_description -- -j16 -l16
[0.386s] DEBUG:colcon.colcon_core.event_handler.log_command:Invoking command in '/home/ajay/bumperbot_ws/build/bumperbot_description': CMAKE_PREFIX_PATH=/home/ajay/ros2_ws/install/my_robot_controller:/opt/ros/humble /usr/bin/cmake --install /home/ajay/bumperbot_ws/build/bumperbot_description
[0.391s] Level 1:colcon.colcon_core.environment:create_environment_scripts_only(bumperbot_cpp_examples)
[0.393s] DEBUG:colcon.colcon_core.event_handler.log_command:Invoked command in '/home/ajay/bumperbot_ws/build/bumperbot_cpp_examples' returned '0': CMAKE_PREFIX_PATH=/home/ajay/ros2_ws/install/my_robot_controller:/opt/ros/humble /usr/bin/cmake --install /home/ajay/bumperbot_ws/build/bumperbot_cpp_examples
[0.396s] Level 1:colcon.colcon_core.environment:checking '/home/ajay/bumperbot_ws/install/bumperbot_cpp_examples' for CMake module files
[0.396s] Level 1:colcon.colcon_core.environment:checking '/home/ajay/bumperbot_ws/install/bumperbot_cpp_examples' for CMake config files
[0.397s] Level 1:colcon.colcon_core.shell:create_environment_hook('bumperbot_cpp_examples', 'cmake_prefix_path')
[0.397s] INFO:colcon.colcon_core.shell:Creating environment hook '/home/ajay/bumperbot_ws/install/bumperbot_cpp_examples/share/bumperbot_cpp_examples/hook/cmake_prefix_path.ps1'
[0.398s] INFO:colcon.colcon_core.shell:Creating environment descriptor '/home/ajay/bumperbot_ws/install/bumperbot_cpp_examples/share/bumperbot_cpp_examples/hook/cmake_prefix_path.dsv'
[0.398s] INFO:colcon.colcon_core.shell:Creating environment hook '/home/ajay/bumperbot_ws/install/bumperbot_cpp_examples/share/bumperbot_cpp_examples/hook/cmake_prefix_path.sh'
[0.398s] Level 1:colcon.colcon_core.environment:checking '/home/ajay/bumperbot_ws/install/bumperbot_cpp_examples/bin'
[0.399s] Level 1:colcon.colcon_core.environment:checking '/home/ajay/bumperbot_ws/install/bumperbot_cpp_examples/lib/pkgconfig/bumperbot_cpp_examples.pc'
[0.399s] Level 1:colcon.colcon_core.environment:checking '/home/ajay/bumperbot_ws/install/bumperbot_cpp_examples/lib/python3.10/site-packages'
[0.399s] Level 1:colcon.colcon_core.environment:checking '/home/ajay/bumperbot_ws/install/bumperbot_cpp_examples/bin'
[0.399s] INFO:colcon.colcon_core.shell:Creating package script '/home/ajay/bumperbot_ws/install/bumperbot_cpp_examples/share/bumperbot_cpp_examples/package.ps1'
[0.400s] INFO:colcon.colcon_core.shell:Creating package descriptor '/home/ajay/bumperbot_ws/install/bumperbot_cpp_examples/share/bumperbot_cpp_examples/package.dsv'
[0.400s] INFO:colcon.colcon_core.shell:Creating package script '/home/ajay/bumperbot_ws/install/bumperbot_cpp_examples/share/bumperbot_cpp_examples/package.sh'
[0.400s] INFO:colcon.colcon_core.shell:Creating package script '/home/ajay/bumperbot_ws/install/bumperbot_cpp_examples/share/bumperbot_cpp_examples/package.bash'
[0.401s] INFO:colcon.colcon_core.shell:Creating package script '/home/ajay/bumperbot_ws/install/bumperbot_cpp_examples/share/bumperbot_cpp_examples/package.zsh'
[0.401s] Level 1:colcon.colcon_core.environment:create_file_with_runtime_dependencies(/home/ajay/bumperbot_ws/install/bumperbot_cpp_examples/share/colcon-core/packages/bumperbot_cpp_examples)
[0.401s] Level 1:colcon.colcon_core.environment:create_environment_scripts_only(bumperbot_cpp_examples)
[0.402s] Level 1:colcon.colcon_core.environment:checking '/home/ajay/bumperbot_ws/install/bumperbot_cpp_examples' for CMake module files
[0.402s] Level 1:colcon.colcon_core.environment:checking '/home/ajay/bumperbot_ws/install/bumperbot_cpp_examples' for CMake config files
[0.402s] Level 1:colcon.colcon_core.shell:create_environment_hook('bumperbot_cpp_examples', 'cmake_prefix_path')
[0.402s] INFO:colcon.colcon_core.shell:Creating environment hook '/home/ajay/bumperbot_ws/install/bumperbot_cpp_examples/share/bumperbot_cpp_examples/hook/cmake_prefix_path.ps1'
[0.402s] INFO:colcon.colcon_core.shell:Creating environment descriptor '/home/ajay/bumperbot_ws/install/bumperbot_cpp_examples/share/bumperbot_cpp_examples/hook/cmake_prefix_path.dsv'
[0.402s] INFO:colcon.colcon_core.shell:Creating environment hook '/home/ajay/bumperbot_ws/install/bumperbot_cpp_examples/share/bumperbot_cpp_examples/hook/cmake_prefix_path.sh'
[0.403s] Level 1:colcon.colcon_core.environment:checking '/home/ajay/bumperbot_ws/install/bumperbot_cpp_examples/bin'
[0.403s] Level 1:colcon.colcon_core.environment:checking '/home/ajay/bumperbot_ws/install/bumperbot_cpp_examples/lib/pkgconfig/bumperbot_cpp_examples.pc'
[0.403s] Level 1:colcon.colcon_core.environment:checking '/home/ajay/bumperbot_ws/install/bumperbot_cpp_examples/lib/python3.10/site-packages'
[0.403s] Level 1:colcon.colcon_core.environment:checking '/home/ajay/bumperbot_ws/install/bumperbot_cpp_examples/bin'
[0.403s] INFO:colcon.colcon_core.shell:Creating package script '/home/ajay/bumperbot_ws/install/bumperbot_cpp_examples/share/bumperbot_cpp_examples/package.ps1'
[0.404s] INFO:colcon.colcon_core.shell:Creating package descriptor '/home/ajay/bumperbot_ws/install/bumperbot_cpp_examples/share/bumperbot_cpp_examples/package.dsv'
[0.404s] INFO:colcon.colcon_core.shell:Creating package script '/home/ajay/bumperbot_ws/install/bumperbot_cpp_examples/share/bumperbot_cpp_examples/package.sh'
[0.404s] INFO:colcon.colcon_core.shell:Creating package script '/home/ajay/bumperbot_ws/install/bumperbot_cpp_examples/share/bumperbot_cpp_examples/package.bash'
[0.404s] INFO:colcon.colcon_core.shell:Creating package script '/home/ajay/bumperbot_ws/install/bumperbot_cpp_examples/share/bumperbot_cpp_examples/package.zsh'
[0.405s] Level 1:colcon.colcon_core.environment:create_file_with_runtime_dependencies(/home/ajay/bumperbot_ws/install/bumperbot_cpp_examples/share/colcon-core/packages/bumperbot_cpp_examples)
[0.405s] Level 1:colcon.colcon_core.environment:create_environment_scripts_only(bumperbot_description)
[0.406s] Level 1:colcon.colcon_core.environment:checking '/home/ajay/bumperbot_ws/install/bumperbot_description' for CMake module files
[0.406s] DEBUG:colcon.colcon_core.event_handler.log_command:Invoked command in '/home/ajay/bumperbot_ws/build/bumperbot_description' returned '0': CMAKE_PREFIX_PATH=/home/ajay/ros2_ws/install/my_robot_controller:/opt/ros/humble /usr/bin/cmake --install /home/ajay/bumperbot_ws/build/bumperbot_description
[0.406s] Level 1:colcon.colcon_core.environment:checking '/home/ajay/bumperbot_ws/install/bumperbot_description' for CMake config files
[0.406s] Level 1:colcon.colcon_core.shell:create_environment_hook('bumperbot_description', 'cmake_prefix_path')
[0.406s] INFO:colcon.colcon_core.shell:Creating environment hook '/home/ajay/bumperbot_ws/install/bumperbot_description/share/bumperbot_description/hook/cmake_prefix_path.ps1'
[0.407s] INFO:colcon.colcon_core.shell:Creating environment descriptor '/home/ajay/bumperbot_ws/install/bumperbot_description/share/bumperbot_description/hook/cmake_prefix_path.dsv'
[0.407s] INFO:colcon.colcon_core.shell:Creating environment hook '/home/ajay/bumperbot_ws/install/bumperbot_description/share/bumperbot_description/hook/cmake_prefix_path.sh'
[0.407s] Level 1:colcon.colcon_core.environment:checking '/home/ajay/bumperbot_ws/install/bumperbot_description/bin'
[0.407s] Level 1:colcon.colcon_core.environment:checking '/home/ajay/bumperbot_ws/install/bumperbot_description/lib/pkgconfig/bumperbot_description.pc'
[0.407s] Level 1:colcon.colcon_core.environment:checking '/home/ajay/bumperbot_ws/install/bumperbot_description/lib/python3.10/site-packages'
[0.408s] Level 1:colcon.colcon_core.environment:checking '/home/ajay/bumperbot_ws/install/bumperbot_description/bin'
[0.408s] INFO:colcon.colcon_core.shell:Creating package script '/home/ajay/bumperbot_ws/install/bumperbot_description/share/bumperbot_description/package.ps1'
[0.408s] INFO:colcon.colcon_core.shell:Creating package descriptor '/home/ajay/bumperbot_ws/install/bumperbot_description/share/bumperbot_description/package.dsv'
[0.408s] INFO:colcon.colcon_core.shell:Creating package script '/home/ajay/bumperbot_ws/install/bumperbot_description/share/bumperbot_description/package.sh'
[0.408s] INFO:colcon.colcon_core.shell:Creating package script '/home/ajay/bumperbot_ws/install/bumperbot_description/share/bumperbot_description/package.bash'
[0.409s] INFO:colcon.colcon_core.shell:Creating package script '/home/ajay/bumperbot_ws/install/bumperbot_description/share/bumperbot_description/package.zsh'
[0.409s] Level 1:colcon.colcon_core.environment:create_file_with_runtime_dependencies(/home/ajay/bumperbot_ws/install/bumperbot_description/share/colcon-core/packages/bumperbot_description)
[0.409s] Level 1:colcon.colcon_core.environment:create_environment_scripts_only(bumperbot_description)
[0.409s] Level 1:colcon.colcon_core.environment:checking '/home/ajay/bumperbot_ws/install/bumperbot_description' for CMake module files
[0.409s] Level 1:colcon.colcon_core.environment:checking '/home/ajay/bumperbot_ws/install/bumperbot_description' for CMake config files
[0.410s] Level 1:colcon.colcon_core.shell:create_environment_hook('bumperbot_description', 'cmake_prefix_path')
[0.410s] INFO:colcon.colcon_core.shell:Creating environment hook '/home/ajay/bumperbot_ws/install/bumperbot_description/share/bumperbot_description/hook/cmake_prefix_path.ps1'
[0.410s] INFO:colcon.colcon_core.shell:Creating environment descriptor '/home/ajay/bumperbot_ws/install/bumperbot_description/share/bumperbot_description/hook/cmake_prefix_path.dsv'
[0.410s] INFO:colcon.colcon_core.shell:Creating environment hook '/home/ajay/bumperbot_ws/install/bumperbot_description/share/bumperbot_description/hook/cmake_prefix_path.sh'
[0.410s] Level 1:colcon.colcon_core.environment:checking '/home/ajay/bumperbot_ws/install/bumperbot_description/bin'
[0.410s] Level 1:colcon.colcon_core.environment:checking '/home/ajay/bumperbot_ws/install/bumperbot_description/lib/pkgconfig/bumperbot_description.pc'
[0.410s] Level 1:colcon.colcon_core.environment:checking '/home/ajay/bumperbot_ws/install/bumperbot_description/lib/python3.10/site-packages'
[0.411s] Level 1:colcon.colcon_core.environment:checking '/home/ajay/bumperbot_ws/install/bumperbot_description/bin'
[0.411s] INFO:colcon.colcon_core.shell:Creating package script '/home/ajay/bumperbot_ws/install/bumperbot_description/share/bumperbot_description/package.ps1'
[0.411s] INFO:colcon.colcon_core.shell:Creating package descriptor '/home/ajay/bumperbot_ws/install/bumperbot_description/share/bumperbot_description/package.dsv'
[0.411s] INFO:colcon.colcon_core.shell:Creating package script '/home/ajay/bumperbot_ws/install/bumperbot_description/share/bumperbot_description/package.sh'
[0.412s] INFO:colcon.colcon_core.shell:Creating package script '/home/ajay/bumperbot_ws/install/bumperbot_description/share/bumperbot_description/package.bash'
[0.412s] INFO:colcon.colcon_core.shell:Creating package script '/home/ajay/bumperbot_ws/install/bumperbot_description/share/bumperbot_description/package.zsh'
[0.412s] Level 1:colcon.colcon_core.environment:create_file_with_runtime_dependencies(/home/ajay/bumperbot_ws/install/bumperbot_description/share/colcon-core/packages/bumperbot_description)
[0.420s] DEBUG:colcon.colcon_core.event_handler.log_command:Invoked command in '/home/ajay/bumperbot_ws/build/bumperbot_controller' returned '0': CMAKE_PREFIX_PATH=/home/ajay/ros2_ws/install/my_robot_controller:/opt/ros/humble /usr/bin/cmake --build /home/ajay/bumperbot_ws/build/bumperbot_controller -- -j16 -l16
[0.421s] DEBUG:colcon.colcon_core.event_handler.log_command:Invoking command in '/home/ajay/bumperbot_ws/build/bumperbot_controller': CMAKE_PREFIX_PATH=/home/ajay/ros2_ws/install/my_robot_controller:/opt/ros/humble /usr/bin/cmake --install /home/ajay/bumperbot_ws/build/bumperbot_controller
[0.450s] Level 1:colcon.colcon_core.environment:create_environment_scripts_only(bumperbot_controller)
[0.450s] Level 1:colcon.colcon_core.environment:checking '/home/ajay/bumperbot_ws/install/bumperbot_controller' for CMake module files
[0.450s] DEBUG:colcon.colcon_core.event_handler.log_command:Invoked command in '/home/ajay/bumperbot_ws/build/bumperbot_controller' returned '0': CMAKE_PREFIX_PATH=/home/ajay/ros2_ws/install/my_robot_controller:/opt/ros/humble /usr/bin/cmake --install /home/ajay/bumperbot_ws/build/bumperbot_controller
[0.451s] Level 1:colcon.colcon_core.environment:checking '/home/ajay/bumperbot_ws/install/bumperbot_controller' for CMake config files
[0.451s] Level 1:colcon.colcon_core.shell:create_environment_hook('bumperbot_controller', 'cmake_prefix_path')
[0.451s] INFO:colcon.colcon_core.shell:Creating environment hook '/home/ajay/bumperbot_ws/install/bumperbot_controller/share/bumperbot_controller/hook/cmake_prefix_path.ps1'
[0.452s] INFO:colcon.colcon_core.shell:Creating environment descriptor '/home/ajay/bumperbot_ws/install/bumperbot_controller/share/bumperbot_controller/hook/cmake_prefix_path.dsv'
[0.452s] INFO:colcon.colcon_core.shell:Creating environment hook '/home/ajay/bumperbot_ws/install/bumperbot_controller/share/bumperbot_controller/hook/cmake_prefix_path.sh'
[0.453s] Level 1:colcon.colcon_core.environment:checking '/home/ajay/bumperbot_ws/install/bumperbot_controller/lib'
[0.453s] Level 1:colcon.colcon_core.environment:checking '/home/ajay/bumperbot_ws/install/bumperbot_controller/bin'
[0.453s] Level 1:colcon.colcon_core.environment:checking '/home/ajay/bumperbot_ws/install/bumperbot_controller/lib/pkgconfig/bumperbot_controller.pc'
[0.454s] Level 1:colcon.colcon_core.environment:checking '/home/ajay/bumperbot_ws/install/bumperbot_controller/lib/python3.10/site-packages'
[0.454s] Level 1:colcon.colcon_core.environment:checking '/home/ajay/bumperbot_ws/install/bumperbot_controller/bin'
[0.454s] INFO:colcon.colcon_core.shell:Creating package script '/home/ajay/bumperbot_ws/install/bumperbot_controller/share/bumperbot_controller/package.ps1'
[0.455s] INFO:colcon.colcon_core.shell:Creating package descriptor '/home/ajay/bumperbot_ws/install/bumperbot_controller/share/bumperbot_controller/package.dsv'
[0.455s] INFO:colcon.colcon_core.shell:Creating package script '/home/ajay/bumperbot_ws/install/bumperbot_controller/share/bumperbot_controller/package.sh'
[0.456s] INFO:colcon.colcon_core.shell:Creating package script '/home/ajay/bumperbot_ws/install/bumperbot_controller/share/bumperbot_controller/package.bash'
[0.456s] INFO:colcon.colcon_core.shell:Creating package script '/home/ajay/bumperbot_ws/install/bumperbot_controller/share/bumperbot_controller/package.zsh'
[0.456s] Level 1:colcon.colcon_core.environment:create_file_with_runtime_dependencies(/home/ajay/bumperbot_ws/install/bumperbot_controller/share/colcon-core/packages/bumperbot_controller)
[0.457s] Level 1:colcon.colcon_core.environment:create_environment_scripts_only(bumperbot_controller)
[0.457s] Level 1:colcon.colcon_core.environment:checking '/home/ajay/bumperbot_ws/install/bumperbot_controller' for CMake module files
[0.458s] Level 1:colcon.colcon_core.environment:checking '/home/ajay/bumperbot_ws/install/bumperbot_controller' for CMake config files
[0.458s] Level 1:colcon.colcon_core.shell:create_environment_hook('bumperbot_controller', 'cmake_prefix_path')
[0.458s] INFO:colcon.colcon_core.shell:Creating environment hook '/home/ajay/bumperbot_ws/install/bumperbot_controller/share/bumperbot_controller/hook/cmake_prefix_path.ps1'
[0.459s] INFO:colcon.colcon_core.shell:Creating environment descriptor '/home/ajay/bumperbot_ws/install/bumperbot_controller/share/bumperbot_controller/hook/cmake_prefix_path.dsv'
[0.459s] INFO:colcon.colcon_core.shell:Creating environment hook '/home/ajay/bumperbot_ws/install/bumperbot_controller/share/bumperbot_controller/hook/cmake_prefix_path.sh'
[0.460s] Level 1:colcon.colcon_core.environment:checking '/home/ajay/bumperbot_ws/install/bumperbot_controller/lib'
[0.460s] Level 1:colcon.colcon_core.environment:checking '/home/ajay/bumperbot_ws/install/bumperbot_controller/bin'
[0.460s] Level 1:colcon.colcon_core.environment:checking '/home/ajay/bumperbot_ws/install/bumperbot_controller/lib/pkgconfig/bumperbot_controller.pc'
[0.460s] Level 1:colcon.colcon_core.environment:checking '/home/ajay/bumperbot_ws/install/bumperbot_controller/lib/python3.10/site-packages'
[0.460s] Level 1:colcon.colcon_core.environment:checking '/home/ajay/bumperbot_ws/install/bumperbot_controller/bin'
[0.461s] INFO:colcon.colcon_core.shell:Creating package script '/home/ajay/bumperbot_ws/install/bumperbot_controller/share/bumperbot_controller/package.ps1'
[0.461s] INFO:colcon.colcon_core.shell:Creating package descriptor '/home/ajay/bumperbot_ws/install/bumperbot_controller/share/bumperbot_controller/package.dsv'
[0.462s] INFO:colcon.colcon_core.shell:Creating package script '/home/ajay/bumperbot_ws/install/bumperbot_controller/share/bumperbot_controller/package.sh'
[0.462s] INFO:colcon.colcon_core.shell:Creating package script '/home/ajay/bumperbot_ws/install/bumperbot_controller/share/bumperbot_controller/package.bash'
[0.462s] INFO:colcon.colcon_core.shell:Creating package script '/home/ajay/bumperbot_ws/install/bumperbot_controller/share/bumperbot_controller/package.zsh'
[0.463s] Level 1:colcon.colcon_core.environment:create_file_with_runtime_dependencies(/home/ajay/bumperbot_ws/install/bumperbot_controller/share/colcon-core/packages/bumperbot_controller)
[0.590s] DEBUG:colcon.colcon_core.event_handler.log_command:Invoking command in '/home/ajay/bumperbot_ws/src/bumperbot_py_examples': PYTHONPATH=/home/ajay/bumperbot_ws/build/bumperbot_py_examples/prefix_override:/usr/lib/python3/dist-packages/colcon_core/task/python/colcon_distutils_commands:/home/ajay/bumperbot_ws/install/bumperbot_py_examples/lib/python3.10/site-packages:${PYTHONPATH} /usr/bin/python3 -W ignore:setup.py install is deprecated -W ignore:easy_install command is deprecated setup.py egg_info --egg-base ../../build/bumperbot_py_examples build --build-base /home/ajay/bumperbot_ws/build/bumperbot_py_examples/build install --record /home/ajay/bumperbot_ws/build/bumperbot_py_examples/install.log --single-version-externally-managed install_data
[0.756s] Level 1:colcon.colcon_core.environment:checking '/home/ajay/bumperbot_ws/install/bumperbot_py_examples' for CMake module files
[0.756s] DEBUG:colcon.colcon_core.event_handler.log_command:Invoked command in '/home/ajay/bumperbot_ws/src/bumperbot_py_examples' returned '0': PYTHONPATH=/home/ajay/bumperbot_ws/build/bumperbot_py_examples/prefix_override:/usr/lib/python3/dist-packages/colcon_core/task/python/colcon_distutils_commands:/home/ajay/bumperbot_ws/install/bumperbot_py_examples/lib/python3.10/site-packages:${PYTHONPATH} /usr/bin/python3 -W ignore:setup.py install is deprecated -W ignore:easy_install command is deprecated setup.py egg_info --egg-base ../../build/bumperbot_py_examples build --build-base /home/ajay/bumperbot_ws/build/bumperbot_py_examples/build install --record /home/ajay/bumperbot_ws/build/bumperbot_py_examples/install.log --single-version-externally-managed install_data
[0.756s] Level 1:colcon.colcon_core.environment:checking '/home/ajay/bumperbot_ws/install/bumperbot_py_examples' for CMake config files
[0.757s] Level 1:colcon.colcon_core.environment:checking '/home/ajay/bumperbot_ws/install/bumperbot_py_examples/lib'
[0.757s] Level 1:colcon.colcon_core.environment:checking '/home/ajay/bumperbot_ws/install/bumperbot_py_examples/bin'
[0.757s] Level 1:colcon.colcon_core.environment:checking '/home/ajay/bumperbot_ws/install/bumperbot_py_examples/lib/pkgconfig/bumperbot_py_examples.pc'
[0.757s] Level 1:colcon.colcon_core.environment:checking '/home/ajay/bumperbot_ws/install/bumperbot_py_examples/lib/python3.10/site-packages'
[0.757s] Level 1:colcon.colcon_core.shell:create_environment_hook('bumperbot_py_examples', 'pythonpath')
[0.757s] INFO:colcon.colcon_core.shell:Creating environment hook '/home/ajay/bumperbot_ws/install/bumperbot_py_examples/share/bumperbot_py_examples/hook/pythonpath.ps1'
[0.757s] INFO:colcon.colcon_core.shell:Creating environment descriptor '/home/ajay/bumperbot_ws/install/bumperbot_py_examples/share/bumperbot_py_examples/hook/pythonpath.dsv'
[0.758s] INFO:colcon.colcon_core.shell:Creating environment hook '/home/ajay/bumperbot_ws/install/bumperbot_py_examples/share/bumperbot_py_examples/hook/pythonpath.sh'
[0.758s] Level 1:colcon.colcon_core.environment:checking '/home/ajay/bumperbot_ws/install/bumperbot_py_examples/bin'
[0.758s] Level 1:colcon.colcon_core.environment:create_environment_scripts_only(bumperbot_py_examples)
[0.758s] INFO:colcon.colcon_core.shell:Creating package script '/home/ajay/bumperbot_ws/install/bumperbot_py_examples/share/bumperbot_py_examples/package.ps1'
[0.759s] INFO:colcon.colcon_core.shell:Creating package descriptor '/home/ajay/bumperbot_ws/install/bumperbot_py_examples/share/bumperbot_py_examples/package.dsv'
[0.759s] INFO:colcon.colcon_core.shell:Creating package script '/home/ajay/bumperbot_ws/install/bumperbot_py_examples/share/bumperbot_py_examples/package.sh'
[0.759s] INFO:colcon.colcon_core.shell:Creating package script '/home/ajay/bumperbot_ws/install/bumperbot_py_examples/share/bumperbot_py_examples/package.bash'
[0.759s] INFO:colcon.colcon_core.shell:Creating package script '/home/ajay/bumperbot_ws/install/bumperbot_py_examples/share/bumperbot_py_examples/package.zsh'
[0.759s] Level 1:colcon.colcon_core.environment:create_file_with_runtime_dependencies(/home/ajay/bumperbot_ws/install/bumperbot_py_examples/share/colcon-core/packages/bumperbot_py_examples)
[0.760s] DEBUG:colcon.colcon_parallel_executor.executor.parallel:closing loop
[0.760s] DEBUG:colcon.colcon_parallel_executor.executor.parallel:loop closed
[0.760s] DEBUG:colcon.colcon_parallel_executor.executor.parallel:run_until_complete finished with '0'
[0.760s] DEBUG:colcon.colcon_core.event_reactor:joining thread
[0.764s] INFO:colcon.colcon_core.plugin_system:Skipping extension 'colcon_notification.desktop_notification.terminal_notifier': Not used on non-Darwin systems
[0.764s] INFO:colcon.colcon_core.plugin_system:Skipping extension 'colcon_notification.desktop_notification.win32': Not used on non-Windows systems
[0.764s] INFO:colcon.colcon_notification.desktop_notification:Sending desktop notification using 'notify2'
[0.769s] DEBUG:colcon.colcon_core.event_reactor:joined thread
[0.769s] INFO:colcon.colcon_core.shell:Creating prefix script '/home/ajay/bumperbot_ws/install/local_setup.ps1'
[0.770s] INFO:colcon.colcon_core.shell:Creating prefix util module '/home/ajay/bumperbot_ws/install/_local_setup_util_ps1.py'
[0.771s] INFO:colcon.colcon_core.shell:Creating prefix chain script '/home/ajay/bumperbot_ws/install/setup.ps1'
[0.771s] INFO:colcon.colcon_core.shell:Creating prefix script '/home/ajay/bumperbot_ws/install/local_setup.sh'
[0.771s] INFO:colcon.colcon_core.shell:Creating prefix util module '/home/ajay/bumperbot_ws/install/_local_setup_util_sh.py'
[0.772s] INFO:colcon.colcon_core.shell:Creating prefix chain script '/home/ajay/bumperbot_ws/install/setup.sh'
[0.772s] INFO:colcon.colcon_core.shell:Creating prefix script '/home/ajay/bumperbot_ws/install/local_setup.bash'
[0.773s] INFO:colcon.colcon_core.shell:Creating prefix chain script '/home/ajay/bumperbot_ws/install/setup.bash'
[0.773s] INFO:colcon.colcon_core.shell:Creating prefix script '/home/ajay/bumperbot_ws/install/local_setup.zsh'
[0.773s] INFO:colcon.colcon_core.shell:Creating prefix chain script '/home/ajay/bumperbot_ws/install/setup.zsh'
