[0.399s] Invoking command in '/home/ajay/bumperbot_ws/src/bumperbot_py_examples': AMENT_PREFIX_PATH=/home/ajay/bumperbot_ws/install/bumperbot_msgs:${AMENT_PREFIX_PATH} CMAKE_PREFIX_PATH=/home/ajay/bumperbot_ws/install/bumperbot_msgs LD_LIBRARY_PATH=/home/ajay/bumperbot_ws/install/bumperbot_msgs/lib:${LD_LIBRARY_PATH} PYTHONPATH=/home/ajay/bumperbot_ws/build/bumperbot_py_examples/prefix_override:/usr/lib/python3/dist-packages/colcon_core/task/python/colcon_distutils_commands:/home/ajay/bumperbot_ws/install/bumperbot_py_examples/lib/python3.10/site-packages:/home/ajay/bumperbot_ws/install/bumperbot_msgs/local/lib/python3.10/dist-packages:${PYTHONPATH} /usr/bin/python3 -W ignore:setup.py install is deprecated -W ignore:easy_install command is deprecated setup.py egg_info --egg-base ../../build/bumperbot_py_examples build --build-base /home/ajay/bumperbot_ws/build/bumperbot_py_examples/build install --record /home/ajay/bumperbot_ws/build/bumperbot_py_examples/install.log --single-version-externally-managed install_data
[0.545s] running egg_info
[0.545s] writing ../../build/bumperbot_py_examples/bumperbot_py_examples.egg-info/PKG-INFO
[0.546s] writing dependency_links to ../../build/bumperbot_py_examples/bumperbot_py_examples.egg-info/dependency_links.txt
[0.546s] writing entry points to ../../build/bumperbot_py_examples/bumperbot_py_examples.egg-info/entry_points.txt
[0.546s] writing requirements to ../../build/bumperbot_py_examples/bumperbot_py_examples.egg-info/requires.txt
[0.546s] writing top-level names to ../../build/bumperbot_py_examples/bumperbot_py_examples.egg-info/top_level.txt
[0.547s] reading manifest file '../../build/bumperbot_py_examples/bumperbot_py_examples.egg-info/SOURCES.txt'
[0.548s] writing manifest file '../../build/bumperbot_py_examples/bumperbot_py_examples.egg-info/SOURCES.txt'
[0.548s] running build
[0.548s] running build_py
[0.548s] running install
[0.548s] running install_lib
[0.550s] running install_data
[0.550s] running install_egg_info
[0.551s] removing '/home/ajay/bumperbot_ws/install/bumperbot_py_examples/lib/python3.10/site-packages/bumperbot_py_examples-0.0.0-py3.10.egg-info' (and everything under it)
[0.551s] Copying ../../build/bumperbot_py_examples/bumperbot_py_examples.egg-info to /home/ajay/bumperbot_ws/install/bumperbot_py_examples/lib/python3.10/site-packages/bumperbot_py_examples-0.0.0-py3.10.egg-info
[0.552s] running install_scripts
[0.565s] Installing simple_parameter script to /home/ajay/bumperbot_ws/install/bumperbot_py_examples/lib/bumperbot_py_examples
[0.566s] Installing simple_publisher script to /home/ajay/bumperbot_ws/install/bumperbot_py_examples/lib/bumperbot_py_examples
[0.566s] Installing simple_service_client script to /home/ajay/bumperbot_ws/install/bumperbot_py_examples/lib/bumperbot_py_examples
[0.566s] Installing simple_service_server script to /home/ajay/bumperbot_ws/install/bumperbot_py_examples/lib/bumperbot_py_examples
[0.566s] Installing simple_subscriber script to /home/ajay/bumperbot_ws/install/bumperbot_py_examples/lib/bumperbot_py_examples
[0.566s] Installing simple_tf_kinematics script to /home/ajay/bumperbot_ws/install/bumperbot_py_examples/lib/bumperbot_py_examples
[0.566s] Installing simple_turtlesim_kinematics script to /home/ajay/bumperbot_ws/install/bumperbot_py_examples/lib/bumperbot_py_examples
[0.566s] writing list of installed files to '/home/ajay/bumperbot_ws/build/bumperbot_py_examples/install.log'
[0.581s] Invoked command in '/home/ajay/bumperbot_ws/src/bumperbot_py_examples' returned '0': AMENT_PREFIX_PATH=/home/ajay/bumperbot_ws/install/bumperbot_msgs:${AMENT_PREFIX_PATH} CMAKE_PREFIX_PATH=/home/ajay/bumperbot_ws/install/bumperbot_msgs LD_LIBRARY_PATH=/home/ajay/bumperbot_ws/install/bumperbot_msgs/lib:${LD_LIBRARY_PATH} PYTHONPATH=/home/ajay/bumperbot_ws/build/bumperbot_py_examples/prefix_override:/usr/lib/python3/dist-packages/colcon_core/task/python/colcon_distutils_commands:/home/ajay/bumperbot_ws/install/bumperbot_py_examples/lib/python3.10/site-packages:/home/ajay/bumperbot_ws/install/bumperbot_msgs/local/lib/python3.10/dist-packages:${PYTHONPATH} /usr/bin/python3 -W ignore:setup.py install is deprecated -W ignore:easy_install command is deprecated setup.py egg_info --egg-base ../../build/bumperbot_py_examples build --build-base /home/ajay/bumperbot_ws/build/bumperbot_py_examples/build install --record /home/ajay/bumperbot_ws/build/bumperbot_py_examples/install.log --single-version-externally-managed install_data
