[0.007s] Invoking command in '/home/ajay/bumperbot_ws/build/bumperbot_cpp_examples': CMAKE_PREFIX_PATH=/home/ajay/ros2_ws/install/my_robot_controller:/opt/ros/humble /usr/bin/cmake /home/ajay/bumperbot_ws/src/bumperbot_cpp_examples -DCMAKE_INSTALL_PREFIX=/home/ajay/bumperbot_ws/install/bumperbot_cpp_examples
[0.014s] -- Found ament_cmake: 1.3.12 (/opt/ros/humble/share/ament_cmake/cmake)
[0.092s] -- Found ament_lint_auto: 0.12.14 (/opt/ros/humble/share/ament_lint_auto/cmake)
[0.138s] -- Added test 'lint_cmake' to check CMake code style
[0.138s] -- Added test 'xmllint' to check XML markup files
[0.139s] -- Configuring done
[0.140s] -- Generating done
[0.141s] -- Build files have been written to: /home/ajay/bumperbot_ws/build/bumperbot_cpp_examples
[0.149s] Invoked command in '/home/ajay/bumperbot_ws/build/bumperbot_cpp_examples' returned '0': CMAKE_PREFIX_PATH=/home/ajay/ros2_ws/install/my_robot_controller:/opt/ros/humble /usr/bin/cmake /home/ajay/bumperbot_ws/src/bumperbot_cpp_examples -DCMAKE_INSTALL_PREFIX=/home/ajay/bumperbot_ws/install/bumperbot_cpp_examples
[0.150s] Invoking command in '/home/ajay/bumperbot_ws/build/bumperbot_cpp_examples': CMAKE_PREFIX_PATH=/home/ajay/ros2_ws/install/my_robot_controller:/opt/ros/humble /usr/bin/cmake --build /home/ajay/bumperbot_ws/build/bumperbot_cpp_examples -- -j16 -l16
[0.172s] Invoked command in '/home/ajay/bumperbot_ws/build/bumperbot_cpp_examples' returned '0': CMAKE_PREFIX_PATH=/home/ajay/ros2_ws/install/my_robot_controller:/opt/ros/humble /usr/bin/cmake --build /home/ajay/bumperbot_ws/build/bumperbot_cpp_examples -- -j16 -l16
[0.177s] Invoking command in '/home/ajay/bumperbot_ws/build/bumperbot_cpp_examples': CMAKE_PREFIX_PATH=/home/ajay/ros2_ws/install/my_robot_controller:/opt/ros/humble /usr/bin/cmake --install /home/ajay/bumperbot_ws/build/bumperbot_cpp_examples
[0.181s] -- Install configuration: ""
[0.181s] -- Installing: /home/ajay/bumperbot_ws/install/bumperbot_cpp_examples/share/ament_index/resource_index/package_run_dependencies/bumperbot_cpp_examples
[0.181s] -- Installing: /home/ajay/bumperbot_ws/install/bumperbot_cpp_examples/share/ament_index/resource_index/parent_prefix_path/bumperbot_cpp_examples
[0.181s] -- Installing: /home/ajay/bumperbot_ws/install/bumperbot_cpp_examples/share/bumperbot_cpp_examples/environment/ament_prefix_path.sh
[0.181s] -- Installing: /home/ajay/bumperbot_ws/install/bumperbot_cpp_examples/share/bumperbot_cpp_examples/environment/ament_prefix_path.dsv
[0.182s] -- Installing: /home/ajay/bumperbot_ws/install/bumperbot_cpp_examples/share/bumperbot_cpp_examples/environment/path.sh
[0.182s] -- Installing: /home/ajay/bumperbot_ws/install/bumperbot_cpp_examples/share/bumperbot_cpp_examples/environment/path.dsv
[0.182s] -- Installing: /home/ajay/bumperbot_ws/install/bumperbot_cpp_examples/share/bumperbot_cpp_examples/local_setup.bash
[0.182s] -- Installing: /home/ajay/bumperbot_ws/install/bumperbot_cpp_examples/share/bumperbot_cpp_examples/local_setup.sh
[0.182s] -- Installing: /home/ajay/bumperbot_ws/install/bumperbot_cpp_examples/share/bumperbot_cpp_examples/local_setup.zsh
[0.182s] -- Installing: /home/ajay/bumperbot_ws/install/bumperbot_cpp_examples/share/bumperbot_cpp_examples/local_setup.dsv
[0.182s] -- Installing: /home/ajay/bumperbot_ws/install/bumperbot_cpp_examples/share/bumperbot_cpp_examples/package.dsv
[0.182s] -- Installing: /home/ajay/bumperbot_ws/install/bumperbot_cpp_examples/share/ament_index/resource_index/packages/bumperbot_cpp_examples
[0.182s] -- Installing: /home/ajay/bumperbot_ws/install/bumperbot_cpp_examples/share/bumperbot_cpp_examples/cmake/bumperbot_cpp_examplesConfig.cmake
[0.182s] -- Installing: /home/ajay/bumperbot_ws/install/bumperbot_cpp_examples/share/bumperbot_cpp_examples/cmake/bumperbot_cpp_examplesConfig-version.cmake
[0.182s] -- Installing: /home/ajay/bumperbot_ws/install/bumperbot_cpp_examples/share/bumperbot_cpp_examples/package.xml
[0.183s] Invoked command in '/home/ajay/bumperbot_ws/build/bumperbot_cpp_examples' returned '0': CMAKE_PREFIX_PATH=/home/ajay/ros2_ws/install/my_robot_controller:/opt/ros/humble /usr/bin/cmake --install /home/ajay/bumperbot_ws/build/bumperbot_cpp_examples
