[0.010s] Invoking command in '/home/ajay/bumperbot_ws/build/bumperbot_controller': CMAKE_PREFIX_PATH=/home/ajay/ros2_ws/install/my_robot_controller:/opt/ros/humble /usr/bin/cmake --build /home/ajay/bumperbot_ws/build/bumperbot_controller -- -j16 -l16
[0.034s] -- Found ament_cmake: 1.3.12 (/opt/ros/humble/share/ament_cmake/cmake)
[0.135s] -- Found rclpy: 3.3.19 (/opt/ros/humble/share/rclpy/cmake)
[0.136s] -- Found std_msgs: 4.9.0 (/opt/ros/humble/share/std_msgs/cmake)
[0.155s] -- Found rosidl_generator_c: 3.1.8 (/opt/ros/humble/share/rosidl_generator_c/cmake)
[0.157s] -- Found rosidl_adapter: 3.1.8 (/opt/ros/humble/share/rosidl_adapter/cmake)
[0.162s] -- Found rosidl_generator_cpp: 3.1.8 (/opt/ros/humble/share/rosidl_generator_cpp/cmake)
[0.170s] -- Using all available rosidl_typesupport_c: rosidl_typesupport_fastrtps_c;rosidl_typesupport_introspection_c
[0.178s] -- Using all available rosidl_typesupport_cpp: rosidl_typesupport_fastrtps_cpp;rosidl_typesupport_introspection_cpp
[0.194s] -- Found geometry_msgs: 4.9.0 (/opt/ros/humble/share/geometry_msgs/cmake)
[0.204s] -- Found sensor_msgs: 4.9.0 (/opt/ros/humble/share/sensor_msgs/cmake)
[0.256s] -- Found ament_lint_auto: 0.12.14 (/opt/ros/humble/share/ament_lint_auto/cmake)
[0.304s] -- Added test 'flake8' to check Python code syntax and style conventions
[0.304s] -- Added test 'lint_cmake' to check CMake code style
[0.304s] -- Added test 'pep257' to check Python code against some of the docstring style conventions in PEP 257
[0.305s] -- Added test 'xmllint' to check XML markup files
[0.306s] -- Configuring done
[0.309s] -- Generating done
[0.311s] -- Build files have been written to: /home/ajay/bumperbot_ws/build/bumperbot_controller
[0.339s] Built target ament_cmake_python_copy_bumperbot_controller
[0.466s] running egg_info
[0.467s] writing bumperbot_controller.egg-info/PKG-INFO
[0.467s] writing dependency_links to bumperbot_controller.egg-info/dependency_links.txt
[0.467s] writing top-level names to bumperbot_controller.egg-info/top_level.txt
[0.468s] reading manifest file 'bumperbot_controller.egg-info/SOURCES.txt'
[0.468s] writing manifest file 'bumperbot_controller.egg-info/SOURCES.txt'
[0.485s] Built target ament_cmake_python_build_bumperbot_controller_egg
[0.492s] Invoked command in '/home/ajay/bumperbot_ws/build/bumperbot_controller' returned '0': CMAKE_PREFIX_PATH=/home/ajay/ros2_ws/install/my_robot_controller:/opt/ros/humble /usr/bin/cmake --build /home/ajay/bumperbot_ws/build/bumperbot_controller -- -j16 -l16
[0.493s] Invoking command in '/home/ajay/bumperbot_ws/build/bumperbot_controller': CMAKE_PREFIX_PATH=/home/ajay/ros2_ws/install/my_robot_controller:/opt/ros/humble /usr/bin/cmake --install /home/ajay/bumperbot_ws/build/bumperbot_controller
[0.498s] -- Install configuration: ""
[0.498s] -- Up-to-date: /home/ajay/bumperbot_ws/install/bumperbot_controller/share/bumperbot_controller/environment/pythonpath.sh
[0.498s] -- Installing: /home/ajay/bumperbot_ws/install/bumperbot_controller/share/bumperbot_controller/environment/pythonpath.dsv
[0.498s] -- Up-to-date: /home/ajay/bumperbot_ws/install/bumperbot_controller/local/lib/python3.10/dist-packages/bumperbot_controller-0.0.0-py3.10.egg-info
[0.498s] -- Installing: /home/ajay/bumperbot_ws/install/bumperbot_controller/local/lib/python3.10/dist-packages/bumperbot_controller-0.0.0-py3.10.egg-info/dependency_links.txt
[0.498s] -- Installing: /home/ajay/bumperbot_ws/install/bumperbot_controller/local/lib/python3.10/dist-packages/bumperbot_controller-0.0.0-py3.10.egg-info/PKG-INFO
[0.498s] -- Installing: /home/ajay/bumperbot_ws/install/bumperbot_controller/local/lib/python3.10/dist-packages/bumperbot_controller-0.0.0-py3.10.egg-info/SOURCES.txt
[0.498s] -- Installing: /home/ajay/bumperbot_ws/install/bumperbot_controller/local/lib/python3.10/dist-packages/bumperbot_controller-0.0.0-py3.10.egg-info/top_level.txt
[0.498s] -- Up-to-date: /home/ajay/bumperbot_ws/install/bumperbot_controller/local/lib/python3.10/dist-packages/bumperbot_controller
[0.498s] -- Up-to-date: /home/ajay/bumperbot_ws/install/bumperbot_controller/local/lib/python3.10/dist-packages/bumperbot_controller/__init__.py
[0.498s] -- Installing: /home/ajay/bumperbot_ws/install/bumperbot_controller/local/lib/python3.10/dist-packages/bumperbot_controller/simple_controller.py
[0.522s] Listing '/home/ajay/bumperbot_ws/install/bumperbot_controller/local/lib/python3.10/dist-packages/bumperbot_controller'...
[0.522s] Compiling '/home/ajay/bumperbot_ws/install/bumperbot_controller/local/lib/python3.10/dist-packages/bumperbot_controller/simple_controller.py'...
[0.525s] -- Up-to-date: /home/ajay/bumperbot_ws/install/bumperbot_controller/share/bumperbot_controller/config
[0.525s] -- Up-to-date: /home/ajay/bumperbot_ws/install/bumperbot_controller/share/bumperbot_controller/config/bumperbot_controllers.yaml
[0.526s] -- Up-to-date: /home/ajay/bumperbot_ws/install/bumperbot_controller/share/bumperbot_controller/config/joy_config.yaml
[0.526s] -- Up-to-date: /home/ajay/bumperbot_ws/install/bumperbot_controller/share/bumperbot_controller/config/joy_teleop.yaml
[0.526s] -- Up-to-date: /home/ajay/bumperbot_ws/install/bumperbot_controller/share/bumperbot_controller/launch
[0.526s] -- Up-to-date: /home/ajay/bumperbot_ws/install/bumperbot_controller/share/bumperbot_controller/launch/joystick_teleop.launch.py
[0.526s] -- Up-to-date: /home/ajay/bumperbot_ws/install/bumperbot_controller/share/bumperbot_controller/launch/controller.launch.py
[0.526s] -- Installing: /home/ajay/bumperbot_ws/install/bumperbot_controller/lib/bumperbot_controller/simple_controller.py
[0.526s] -- Installing: /home/ajay/bumperbot_ws/install/bumperbot_controller/share/ament_index/resource_index/package_run_dependencies/bumperbot_controller
[0.526s] -- Up-to-date: /home/ajay/bumperbot_ws/install/bumperbot_controller/share/ament_index/resource_index/parent_prefix_path/bumperbot_controller
[0.526s] -- Up-to-date: /home/ajay/bumperbot_ws/install/bumperbot_controller/share/bumperbot_controller/environment/ament_prefix_path.sh
[0.526s] -- Installing: /home/ajay/bumperbot_ws/install/bumperbot_controller/share/bumperbot_controller/environment/ament_prefix_path.dsv
[0.526s] -- Up-to-date: /home/ajay/bumperbot_ws/install/bumperbot_controller/share/bumperbot_controller/environment/path.sh
[0.526s] -- Installing: /home/ajay/bumperbot_ws/install/bumperbot_controller/share/bumperbot_controller/environment/path.dsv
[0.526s] -- Up-to-date: /home/ajay/bumperbot_ws/install/bumperbot_controller/share/bumperbot_controller/local_setup.bash
[0.526s] -- Up-to-date: /home/ajay/bumperbot_ws/install/bumperbot_controller/share/bumperbot_controller/local_setup.sh
[0.526s] -- Up-to-date: /home/ajay/bumperbot_ws/install/bumperbot_controller/share/bumperbot_controller/local_setup.zsh
[0.526s] -- Installing: /home/ajay/bumperbot_ws/install/bumperbot_controller/share/bumperbot_controller/local_setup.dsv
[0.526s] -- Installing: /home/ajay/bumperbot_ws/install/bumperbot_controller/share/bumperbot_controller/package.dsv
[0.526s] -- Up-to-date: /home/ajay/bumperbot_ws/install/bumperbot_controller/share/ament_index/resource_index/packages/bumperbot_controller
[0.526s] -- Up-to-date: /home/ajay/bumperbot_ws/install/bumperbot_controller/share/bumperbot_controller/cmake/bumperbot_controllerConfig.cmake
[0.526s] -- Up-to-date: /home/ajay/bumperbot_ws/install/bumperbot_controller/share/bumperbot_controller/cmake/bumperbot_controllerConfig-version.cmake
[0.526s] -- Installing: /home/ajay/bumperbot_ws/install/bumperbot_controller/share/bumperbot_controller/package.xml
[0.527s] Invoked command in '/home/ajay/bumperbot_ws/build/bumperbot_controller' returned '0': CMAKE_PREFIX_PATH=/home/ajay/ros2_ws/install/my_robot_controller:/opt/ros/humble /usr/bin/cmake --install /home/ajay/bumperbot_ws/build/bumperbot_controller
