[0.011s] Invoking command in '/home/ajay/bumperbot_ws/build/bumperbot_msgs': CMAKE_PREFIX_PATH=/home/ajay/ros2_ws/install/my_robot_controller:/opt/ros/humble /usr/bin/cmake --build /home/ajay/bumperbot_ws/build/bumperbot_msgs -- -j16 -l16
[0.025s] -- Found ament_cmake: 1.3.12 (/opt/ros/humble/share/ament_cmake/cmake)
[0.108s] -- Found std_msgs: 4.9.0 (/opt/ros/humble/share/std_msgs/cmake)
[0.135s] -- Found rosidl_generator_c: 3.1.8 (/opt/ros/humble/share/rosidl_generator_c/cmake)
[0.138s] -- Found rosidl_adapter: 3.1.8 (/opt/ros/humble/share/rosidl_adapter/cmake)
[0.145s] -- Found rosidl_generator_cpp: 3.1.8 (/opt/ros/humble/share/rosidl_generator_cpp/cmake)
[0.156s] -- Using all available rosidl_typesupport_c: rosidl_typesupport_fastrtps_c;rosidl_typesupport_introspection_c
[0.168s] -- Using all available rosidl_typesupport_cpp: rosidl_typesupport_fastrtps_cpp;rosidl_typesupport_introspection_cpp
[0.195s] [31mCMake Error at CMakeLists.txt:10 (find_package):
[0.195s]   By not providing "Findrosidl_default_generators.cmake" in CMAKE_MODULE_PATH
[0.196s]   this project has asked CMake to find a package configuration file provided
[0.196s]   by "rosidl_default_generators", but CMake did not find one.
[0.196s] 
[0.197s]   Could not find a package configuration file provided by
[0.197s]   "rosidl_default_generators" with any of the following names:
[0.197s] 
[0.197s]     rosidl_default_generatorsConfig.cmake
[0.197s]     rosidl_default_generators-config.cmake
[0.197s] 
[0.197s]   Add the installation prefix of "rosidl_default_generators" to
[0.198s]   CMAKE_PREFIX_PATH or set "rosidl_default_generators_DIR" to a directory
[0.198s]   containing one of the above files.  If "rosidl_default_generators" provides
[0.198s]   a separate development package or SDK, be sure it has been installed.
[0.198s] 
[0.198s] [0m
[0.198s] -- Configuring incomplete, errors occurred!
[0.198s] See also "/home/ajay/bumperbot_ws/build/bumperbot_msgs/CMakeFiles/CMakeOutput.log".
[0.201s] gmake: *** [Makefile:226: cmake_check_build_system] Error 1
[0.206s] Invoked command in '/home/ajay/bumperbot_ws/build/bumperbot_msgs' returned '2': CMAKE_PREFIX_PATH=/home/ajay/ros2_ws/install/my_robot_controller:/opt/ros/humble /usr/bin/cmake --build /home/ajay/bumperbot_ws/build/bumperbot_msgs -- -j16 -l16
