[0.010s] Invoking command in '/home/ajay/bumperbot_ws/build/bumperbot_description': CMAKE_PREFIX_PATH=/home/ajay/ros2_ws/install/my_robot_controller:/opt/ros/humble /usr/bin/cmake --build /home/ajay/bumperbot_ws/build/bumperbot_description -- -j16 -l16
[0.027s] -- Found ament_cmake: 1.3.12 (/opt/ros/humble/share/ament_cmake/cmake)
[0.117s] -- Found ament_lint_auto: 0.12.14 (/opt/ros/humble/share/ament_lint_auto/cmake)
[0.165s] -- Added test 'flake8' to check Python code syntax and style conventions
[0.166s] -- Added test 'lint_cmake' to check CMake code style
[0.166s] -- Added test 'pep257' to check Python code against some of the docstring style conventions in PEP 257
[0.167s] -- Added test 'xmllint' to check XML markup files
[0.168s] -- Configuring done
[0.170s] -- Generating done
[0.171s] -- Build files have been written to: /home/ajay/bumperbot_ws/build/bumperbot_description
[0.184s] Invoked command in '/home/ajay/bumperbot_ws/build/bumperbot_description' returned '0': CMAKE_PREFIX_PATH=/home/ajay/ros2_ws/install/my_robot_controller:/opt/ros/humble /usr/bin/cmake --build /home/ajay/bumperbot_ws/build/bumperbot_description -- -j16 -l16
[0.185s] Invoking command in '/home/ajay/bumperbot_ws/build/bumperbot_description': CMAKE_PREFIX_PATH=/home/ajay/ros2_ws/install/my_robot_controller:/opt/ros/humble /usr/bin/cmake --install /home/ajay/bumperbot_ws/build/bumperbot_description
[0.191s] -- Install configuration: ""
[0.191s] -- Up-to-date: /home/ajay/bumperbot_ws/install/bumperbot_description/share/bumperbot_description/meshes
[0.191s] -- Up-to-date: /home/ajay/bumperbot_ws/install/bumperbot_description/share/bumperbot_description/meshes/caster_front_link.STL
[0.191s] -- Up-to-date: /home/ajay/bumperbot_ws/install/bumperbot_description/share/bumperbot_description/meshes/can.STL
[0.191s] -- Up-to-date: /home/ajay/bumperbot_ws/install/bumperbot_description/share/bumperbot_description/meshes/base_link.STL
[0.191s] -- Up-to-date: /home/ajay/bumperbot_ws/install/bumperbot_description/share/bumperbot_description/meshes/wheel_right_link.STL
[0.191s] -- Up-to-date: /home/ajay/bumperbot_ws/install/bumperbot_description/share/bumperbot_description/meshes/wheel_left_link.STL
[0.191s] -- Up-to-date: /home/ajay/bumperbot_ws/install/bumperbot_description/share/bumperbot_description/meshes/caster_rear_link.STL
[0.191s] -- Up-to-date: /home/ajay/bumperbot_ws/install/bumperbot_description/share/bumperbot_description/meshes/imu_link.STL
[0.191s] -- Up-to-date: /home/ajay/bumperbot_ws/install/bumperbot_description/share/bumperbot_description/urdf
[0.191s] -- Installing: /home/ajay/bumperbot_ws/install/bumperbot_description/share/bumperbot_description/urdf/bumperbot_ros2_control.xacro
[0.191s] -- Installing: /home/ajay/bumperbot_ws/install/bumperbot_description/share/bumperbot_description/urdf/bumperbot_gazebo.xacro
[0.191s] -- Installing: /home/ajay/bumperbot_ws/install/bumperbot_description/share/bumperbot_description/urdf/bumperbot.urdf.xacro
[0.191s] -- Up-to-date: /home/ajay/bumperbot_ws/install/bumperbot_description/share/bumperbot_description/launch
[0.191s] -- Up-to-date: /home/ajay/bumperbot_ws/install/bumperbot_description/share/bumperbot_description/launch/display.launch.py
[0.191s] -- Up-to-date: /home/ajay/bumperbot_ws/install/bumperbot_description/share/bumperbot_description/launch/gazebo.launch.py
[0.191s] -- Up-to-date: /home/ajay/bumperbot_ws/install/bumperbot_description/share/bumperbot_description/rviz
[0.191s] -- Up-to-date: /home/ajay/bumperbot_ws/install/bumperbot_description/share/bumperbot_description/rviz/display.rviz
[0.191s] -- Up-to-date: /home/ajay/bumperbot_ws/install/bumperbot_description/share/ament_index/resource_index/package_run_dependencies/bumperbot_description
[0.191s] -- Up-to-date: /home/ajay/bumperbot_ws/install/bumperbot_description/share/ament_index/resource_index/parent_prefix_path/bumperbot_description
[0.191s] -- Up-to-date: /home/ajay/bumperbot_ws/install/bumperbot_description/share/bumperbot_description/environment/ament_prefix_path.sh
[0.191s] -- Installing: /home/ajay/bumperbot_ws/install/bumperbot_description/share/bumperbot_description/environment/ament_prefix_path.dsv
[0.192s] -- Up-to-date: /home/ajay/bumperbot_ws/install/bumperbot_description/share/bumperbot_description/environment/path.sh
[0.192s] -- Installing: /home/ajay/bumperbot_ws/install/bumperbot_description/share/bumperbot_description/environment/path.dsv
[0.192s] -- Up-to-date: /home/ajay/bumperbot_ws/install/bumperbot_description/share/bumperbot_description/local_setup.bash
[0.192s] -- Up-to-date: /home/ajay/bumperbot_ws/install/bumperbot_description/share/bumperbot_description/local_setup.sh
[0.192s] -- Up-to-date: /home/ajay/bumperbot_ws/install/bumperbot_description/share/bumperbot_description/local_setup.zsh
[0.192s] -- Installing: /home/ajay/bumperbot_ws/install/bumperbot_description/share/bumperbot_description/local_setup.dsv
[0.192s] -- Installing: /home/ajay/bumperbot_ws/install/bumperbot_description/share/bumperbot_description/package.dsv
[0.192s] -- Up-to-date: /home/ajay/bumperbot_ws/install/bumperbot_description/share/ament_index/resource_index/packages/bumperbot_description
[0.192s] -- Up-to-date: /home/ajay/bumperbot_ws/install/bumperbot_description/share/bumperbot_description/cmake/bumperbot_descriptionConfig.cmake
[0.192s] -- Up-to-date: /home/ajay/bumperbot_ws/install/bumperbot_description/share/bumperbot_description/cmake/bumperbot_descriptionConfig-version.cmake
[0.192s] -- Installing: /home/ajay/bumperbot_ws/install/bumperbot_description/share/bumperbot_description/package.xml
[0.193s] Invoked command in '/home/ajay/bumperbot_ws/build/bumperbot_description' returned '0': CMAKE_PREFIX_PATH=/home/ajay/ros2_ws/install/my_robot_controller:/opt/ros/humble /usr/bin/cmake --install /home/ajay/bumperbot_ws/build/bumperbot_description
