[0.011s] Invoking command in '/home/ajay/bumperbot_ws/build/bumperbot_msgs': CMAKE_PREFIX_PATH=/home/ajay/ros2_ws/install/my_robot_controller:/opt/ros/humble /usr/bin/cmake /home/ajay/bumperbot_ws/src/bumperbot_msgs -DCMAKE_INSTALL_PREFIX=/home/ajay/bumperbot_ws/install/bumperbot_msgs
[0.068s] -- The C compiler identification is GNU 11.4.0
[0.124s] -- The CXX compiler identification is GNU 11.4.0
[0.132s] -- Detecting C compiler ABI info
[0.179s] -- Detecting C compiler ABI info - done
[0.183s] -- Check for working C compiler: /usr/bin/cc - skipped
[0.183s] -- Detecting C compile features
[0.184s] -- Detecting C compile features - done
[0.186s] -- Detecting CXX compiler ABI info
[0.243s] -- Detecting CXX compiler ABI info - done
[0.251s] -- Check for working CXX compiler: /usr/bin/c++ - skipped
[0.251s] -- Detecting CXX compile features
[0.251s] -- Detecting CXX compile features - done
[0.254s] -- Found ament_cmake: 1.3.12 (/opt/ros/humble/share/ament_cmake/cmake)
[0.358s] -- Found Python3: /usr/bin/python3 (found version "3.10.12") found components: Interpreter 
[0.419s] -- Found ament_lint_auto: 0.12.14 (/opt/ros/humble/share/ament_lint_auto/cmake)
[0.473s] -- Added test 'lint_cmake' to check CMake code style
[0.474s] -- Added test 'xmllint' to check XML markup files
[0.474s] -- Configuring done
[0.475s] -- Generating done
[0.476s] -- Build files have been written to: /home/ajay/bumperbot_ws/build/bumperbot_msgs
[0.480s] Invoked command in '/home/ajay/bumperbot_ws/build/bumperbot_msgs' returned '0': CMAKE_PREFIX_PATH=/home/ajay/ros2_ws/install/my_robot_controller:/opt/ros/humble /usr/bin/cmake /home/ajay/bumperbot_ws/src/bumperbot_msgs -DCMAKE_INSTALL_PREFIX=/home/ajay/bumperbot_ws/install/bumperbot_msgs
[0.480s] Invoking command in '/home/ajay/bumperbot_ws/build/bumperbot_msgs': CMAKE_PREFIX_PATH=/home/ajay/ros2_ws/install/my_robot_controller:/opt/ros/humble /usr/bin/cmake --build /home/ajay/bumperbot_ws/build/bumperbot_msgs -- -j16 -l16
[0.504s] Invoked command in '/home/ajay/bumperbot_ws/build/bumperbot_msgs' returned '0': CMAKE_PREFIX_PATH=/home/ajay/ros2_ws/install/my_robot_controller:/opt/ros/humble /usr/bin/cmake --build /home/ajay/bumperbot_ws/build/bumperbot_msgs -- -j16 -l16
[0.505s] Invoking command in '/home/ajay/bumperbot_ws/build/bumperbot_msgs': CMAKE_PREFIX_PATH=/home/ajay/ros2_ws/install/my_robot_controller:/opt/ros/humble /usr/bin/cmake --install /home/ajay/bumperbot_ws/build/bumperbot_msgs
[0.509s] -- Install configuration: ""
[0.509s] -- Installing: /home/ajay/bumperbot_ws/install/bumperbot_msgs/share/ament_index/resource_index/package_run_dependencies/bumperbot_msgs
[0.509s] -- Installing: /home/ajay/bumperbot_ws/install/bumperbot_msgs/share/ament_index/resource_index/parent_prefix_path/bumperbot_msgs
[0.509s] -- Installing: /home/ajay/bumperbot_ws/install/bumperbot_msgs/share/bumperbot_msgs/environment/ament_prefix_path.sh
[0.509s] -- Installing: /home/ajay/bumperbot_ws/install/bumperbot_msgs/share/bumperbot_msgs/environment/ament_prefix_path.dsv
[0.509s] -- Installing: /home/ajay/bumperbot_ws/install/bumperbot_msgs/share/bumperbot_msgs/environment/path.sh
[0.509s] -- Installing: /home/ajay/bumperbot_ws/install/bumperbot_msgs/share/bumperbot_msgs/environment/path.dsv
[0.509s] -- Installing: /home/ajay/bumperbot_ws/install/bumperbot_msgs/share/bumperbot_msgs/local_setup.bash
[0.509s] -- Installing: /home/ajay/bumperbot_ws/install/bumperbot_msgs/share/bumperbot_msgs/local_setup.sh
[0.509s] -- Installing: /home/ajay/bumperbot_ws/install/bumperbot_msgs/share/bumperbot_msgs/local_setup.zsh
[0.510s] -- Installing: /home/ajay/bumperbot_ws/install/bumperbot_msgs/share/bumperbot_msgs/local_setup.dsv
[0.510s] -- Installing: /home/ajay/bumperbot_ws/install/bumperbot_msgs/share/bumperbot_msgs/package.dsv
[0.510s] -- Installing: /home/ajay/bumperbot_ws/install/bumperbot_msgs/share/ament_index/resource_index/packages/bumperbot_msgs
[0.510s] -- Installing: /home/ajay/bumperbot_ws/install/bumperbot_msgs/share/bumperbot_msgs/cmake/bumperbot_msgsConfig.cmake
[0.510s] -- Installing: /home/ajay/bumperbot_ws/install/bumperbot_msgs/share/bumperbot_msgs/cmake/bumperbot_msgsConfig-version.cmake
[0.510s] -- Installing: /home/ajay/bumperbot_ws/install/bumperbot_msgs/share/bumperbot_msgs/package.xml
[0.512s] Invoked command in '/home/ajay/bumperbot_ws/build/bumperbot_msgs' returned '0': CMAKE_PREFIX_PATH=/home/ajay/ros2_ws/install/my_robot_controller:/opt/ros/humble /usr/bin/cmake --install /home/ajay/bumperbot_ws/build/bumperbot_msgs
