[0.416s] Invoking command in '/home/ajay/bumperbot_ws/src/bumperbot_py_examples': PYTHONPATH=/home/ajay/bumperbot_ws/build/bumperbot_py_examples/prefix_override:/usr/lib/python3/dist-packages/colcon_core/task/python/colcon_distutils_commands:/home/ajay/bumperbot_ws/install/bumperbot_py_examples/lib/python3.10/site-packages:${PYTHONPATH} /usr/bin/python3 -W ignore:setup.py install is deprecated -W ignore:easy_install command is deprecated setup.py egg_info --egg-base ../../build/bumperbot_py_examples build --build-base /home/ajay/bumperbot_ws/build/bumperbot_py_examples/build install --record /home/ajay/bumperbot_ws/build/bumperbot_py_examples/install.log --single-version-externally-managed install_data
[0.561s] running egg_info
[0.561s] writing ../../build/bumperbot_py_examples/bumperbot_py_examples.egg-info/PKG-INFO
[0.561s] writing dependency_links to ../../build/bumperbot_py_examples/bumperbot_py_examples.egg-info/dependency_links.txt
[0.561s] writing entry points to ../../build/bumperbot_py_examples/bumperbot_py_examples.egg-info/entry_points.txt
[0.561s] writing requirements to ../../build/bumperbot_py_examples/bumperbot_py_examples.egg-info/requires.txt
[0.561s] writing top-level names to ../../build/bumperbot_py_examples/bumperbot_py_examples.egg-info/top_level.txt
[0.563s] reading manifest file '../../build/bumperbot_py_examples/bumperbot_py_examples.egg-info/SOURCES.txt'
[0.563s] writing manifest file '../../build/bumperbot_py_examples/bumperbot_py_examples.egg-info/SOURCES.txt'
[0.563s] running build
[0.563s] running build_py
[0.563s] copying bumperbot_py_examples/simple_parameter.py -> /home/ajay/bumperbot_ws/build/bumperbot_py_examples/build/lib/bumperbot_py_examples
[0.563s] running install
[0.564s] running install_lib
[0.564s] copying /home/ajay/bumperbot_ws/build/bumperbot_py_examples/build/lib/bumperbot_py_examples/simple_parameter.py -> /home/ajay/bumperbot_ws/install/bumperbot_py_examples/lib/python3.10/site-packages/bumperbot_py_examples
[0.564s] byte-compiling /home/ajay/bumperbot_ws/install/bumperbot_py_examples/lib/python3.10/site-packages/bumperbot_py_examples/simple_parameter.py to simple_parameter.cpython-310.pyc
[0.565s] running install_data
[0.565s] copying package.xml -> /home/ajay/bumperbot_ws/install/bumperbot_py_examples/share/bumperbot_py_examples
[0.565s] running install_egg_info
[0.567s] removing '/home/ajay/bumperbot_ws/install/bumperbot_py_examples/lib/python3.10/site-packages/bumperbot_py_examples-0.0.0-py3.10.egg-info' (and everything under it)
[0.567s] Copying ../../build/bumperbot_py_examples/bumperbot_py_examples.egg-info to /home/ajay/bumperbot_ws/install/bumperbot_py_examples/lib/python3.10/site-packages/bumperbot_py_examples-0.0.0-py3.10.egg-info
[0.567s] running install_scripts
[0.581s] Installing simple_parameter script to /home/ajay/bumperbot_ws/install/bumperbot_py_examples/lib/bumperbot_py_examples
[0.582s] Installing simple_publisher script to /home/ajay/bumperbot_ws/install/bumperbot_py_examples/lib/bumperbot_py_examples
[0.582s] Installing simple_subscriber script to /home/ajay/bumperbot_ws/install/bumperbot_py_examples/lib/bumperbot_py_examples
[0.582s] writing list of installed files to '/home/ajay/bumperbot_ws/build/bumperbot_py_examples/install.log'
[0.600s] Invoked command in '/home/ajay/bumperbot_ws/src/bumperbot_py_examples' returned '0': PYTHONPATH=/home/ajay/bumperbot_ws/build/bumperbot_py_examples/prefix_override:/usr/lib/python3/dist-packages/colcon_core/task/python/colcon_distutils_commands:/home/ajay/bumperbot_ws/install/bumperbot_py_examples/lib/python3.10/site-packages:${PYTHONPATH} /usr/bin/python3 -W ignore:setup.py install is deprecated -W ignore:easy_install command is deprecated setup.py egg_info --egg-base ../../build/bumperbot_py_examples build --build-base /home/ajay/bumperbot_ws/build/bumperbot_py_examples/build install --record /home/ajay/bumperbot_ws/build/bumperbot_py_examples/install.log --single-version-externally-managed install_data
